 [BEGIN] 6/26/2016 6:14:54 PM
sm_halt
sm_comp ctap2.asm
[SB] Compiling ASM: addons/sourcemod/data/simubot/ctap2.asm
    1: 0x0000  DIR        | .pos 0
    2: 0x0000  LABEL      | init
    2: 0x0000  INST (0x3) | irmovl stack, %esp
    3: 0x0006  INST (0x3) | irmovl stack, %ebp
    4: 0x000C  INST (0x8) | call main
    5: 0x0011  INST (0x3) | irmovl $0xFF, %edi
    6: 0x0017  INST (0x0) | halt
    8: 0x0018  DIR        | .pos 0x20
    9: 0x0020  LABEL      | main
   10: 0x0020  INST (0x3) | irmovl $8, %ecx
   12: 0x0026  INST (0xA) | pushl %ebp
   13: 0x0028  INST (0x2) | rrmovl %esp, %ebp
   16: 0x002A  INST (0x3) | irmovl $0, %ebx
   17: 0x0030  INST (0xA) | pushl %ebx
   18: 0x0032  INST (0x3) | irmovl sa, %ebx
   19: 0x0038  INST (0xA) | pushl %ebx
   20: 0x003A  INST (0x8) | call _cout
   23: 0x003F  INST (0x8) | call _spawnbot
   24: 0x0044  INST (0x2) | rrmovl %eax, %edx
   26: 0x0046  INST (0x3) | irmovl $3, %ebx
   27: 0x004C  INST (0xA) | pushl %ebx
   28: 0x004E  INST (0xA) | pushl %edx
   29: 0x0050  INST (0x8) | call _setteam
   31: 0x0055  INST (0x3) | irmovl $3, %ebx
   32: 0x005B  INST (0xA) | pushl %ebx
   33: 0x005D  INST (0xA) | pushl %edx
   34: 0x005F  INST (0x8) | call _setclass
   36: 0x0064  INST (0x3) | irmovl $0, %esi
   37: 0x006A  INST (0x3) | irmovl $0, %edi
   39: 0x0070  LABEL      | resp
   39: 0x0070  INST (0xA) | pushl %edx
   40: 0x0072  INST (0x8) | call _respawn
   41: 0x0077  INST (0xF) | sleep $50
   44: 0x007C  INST (0x3) | irmovl $0xff800000, %eax
   45: 0x0082  INST (0x3) | irmovl zhmax, %ebx
   46: 0x0088  INST (0x4) | rmmovl %eax, 0x0(%ebx)
   48: 0x008E  INST (0xA) | pushl %eax
   49: 0x0090  INST (0xA) | pushl %eax
   50: 0x0092  INST (0xA) | pushl %eax
   51: 0x0094  INST (0xA) | pushl %edx
   52: 0x0096  INST (0x8) | call _getpos
   53: 0x009B  INST (0x5) | mrmovl -4(%ebp), %ecx
   54: 0x00A1  INST (0x6) | xorl %eax, %eax
   55: 0x00A3  INST (0x4) | rmmovl %ecx, zbase(%eax)
   58: 0x00A9  INST (0x3) | irmovl $0, %ebx
   59: 0x00AF  INST (0xA) | pushl %ebx
   60: 0x00B1  INST (0x3) | irmovl $0x43c80000, %ebx
   61: 0x00B7  INST (0xA) | pushl %ebx
   62: 0x00B9  INST (0x3) | irmovl $0, %ebx
   63: 0x00BF  INST (0xA) | pushl %ebx
   64: 0x00C1  INST (0xA) | pushl %edx
   65: 0x00C3  INST (0x8) | call _setlvel
   70: 0x00C8  INST (0x3) | irmovl $0, %ebx
   71: 0x00CE  INST (0xA) | pushl %ebx
   72: 0x00D0  INST (0xA) | pushl %ebx
   73: 0x00D2  INST (0x3) | irmovl $0x42b20000, %ebx
   74: 0x00D8  INST (0xA) | pushl %ebx
   75: 0x00DA  INST (0xA) | pushl %edx
   76: 0x00DC  INST (0x8) | call _setang
   78: 0x00E1  INST (0xF) | sleep $20
   83: 0x00E6  INST (0x3) | irmovl $0x4, %ebx
   84: 0x00EC  INST (0xA) | pushl %ebx
   85: 0x00EE  INST (0xA) | pushl %edx
   86: 0x00F0  INST (0x8) | call _setbuttons
   87: 0x00F5  INST (0xF) | sleep %esi
   89: 0x00F7  INST (0x3) | irmovl $0x0, %ebx
   90: 0x00FD  INST (0xA) | pushl %ebx
   91: 0x00FF  INST (0xA) | pushl %edx
   92: 0x0101  INST (0x8) | call _setbuttons
   93: 0x0106  INST (0xF) | sleep %edi
   95: 0x0108  INST (0x3) | irmovl $0x3, %ebx
   96: 0x010E  INST (0xA) | pushl %ebx
   97: 0x0110  INST (0xA) | pushl %edx
   98: 0x0112  INST (0x8) | call _setbuttons
  100: 0x0117  INST (0xF) | sleep $10
  101: 0x011C  INST (0x3) | irmovl $0x0, %ebx
  102: 0x0122  INST (0xA) | pushl %ebx
  103: 0x0124  INST (0xA) | pushl %edx
  104: 0x0126  INST (0x8) | call _setbuttons
  107: 0x012B  LABEL      | loop
  107: 0x012B  INST (0xA) | pushl %eax
  108: 0x012D  INST (0xA) | pushl %eax
  109: 0x012F  INST (0xA) | pushl %eax
  110: 0x0131  INST (0xA) | pushl %edx
  111: 0x0133  INST (0x8) | call _getpos
  112: 0x0138  INST (0x5) | mrmovl -4(%ebp), %ebx
  114: 0x013E  INST (0x6) | xorl %eax, %eax
  115: 0x0140  INST (0x4) | rmmovl %ebx, zpos(%eax)
  117: 0x0146  INST (0x6) | xorl %eax, %eax
  118: 0x0148  INST (0xC) | fld zbase(%eax)
  119: 0x014E  INST (0xC) | fld zpos(%eax)
  120: 0x0154  INST (0xD) | fsub
  121: 0x0155  INST (0xC) | fst zhght(%eax)
  133: 0x015B  INST (0xC) | fld zhmax(%eax)
  134: 0x0161  INST (0xD) | fsub
  135: 0x0162  INST (0xC) | fstp st(0)
  138: 0x0164  INST (0x7) | jg skip
  139: 0x0169  INST (0xC) | fld zhght(%eax)
  140: 0x016F  INST (0xC) | fstp zhmax(%eax)
  142: 0x0175  LABEL      | skip
  142: 0x0175  INST (0xA) | pushl %eax
  143: 0x0177  INST (0xA) | pushl %eax
  144: 0x0179  INST (0xA) | pushl %eax
  145: 0x017B  INST (0xA) | pushl %edx
  146: 0x017D  INST (0x8) | call _getvel
  147: 0x0182  INST (0x5) | mrmovl -4(%ebp), %ebx
  149: 0x0188  INST (0x6) | testl %ebx, %ebx
  150: 0x018A  INST (0xF) | sleep $1
  151: 0x018F  INST (0x7) | jge loop
  153: 0x0194  INST (0x6) | xorl %eax, %eax
  155: 0x0196  INST (0x5) | mrmovl zhmax(%eax), %ebx
  157: 0x019C  INST (0xA) | pushl %ebx
  158: 0x019E  INST (0xA) | pushl %edi
  159: 0x01A0  INST (0xA) | pushl %esi
  160: 0x01A2  INST (0x3) | irmovl $3, %ebx
  161: 0x01A8  INST (0xA) | pushl %ebx
  162: 0x01AA  INST (0x3) | irmovl se, %ebx
  163: 0x01B0  INST (0xA) | pushl %ebx
  165: 0x01B2  INST (0x8) | call _cout
  167: 0x01B7  INST (0x3) | irmovl $60, %eax
  168: 0x01BD  INST (0x6) | incl %esi
  169: 0x01BF  INST (0x6) | cmpl %esi, %eax
  170: 0x01C1  INST (0x7) | jg resp
  172: 0x01C6  INST (0x3) | irmovl $60, %eax
  173: 0x01CC  INST (0x6) | incl %edi
  174: 0x01CE  INST (0x6) | cmpl %edi, %eax
  175: 0x01D0  INST (0x3) | irmovl $0x0, %esi
  176: 0x01D6  INST (0x7) | jg resp
  179: 0x01DB  INST (0xA) | pushl %edx
  180: 0x01DD  INST (0x8) | call _kickbot
  182: 0x01E2  INST (0x0) | halt
  184: 0x01E3  DIR        | .align 4
  185: 0x01E4  LABEL      | sa
  185: 0x01E4  DIR        | .ascii "*** Starting program ***"
  186: 0x01FD  LABEL      | sb
  186: 0x01FD  DIR        | .ascii "%L has height=%.1f"
  187: 0x0210  LABEL      | sc
  187: 0x0210  DIR        | .ascii "Iteration %d, client %d"
  188: 0x0228  LABEL      | sd
  188: 0x0228  DIR        | .ascii "%L had max z=%.1f"
  189: 0x023A  LABEL      | se
  189: 0x023A  DIR        | .ascii "%2d, %2d, %f"
  191: 0x0247  LABEL      | sf
  191: 0x0247  DIR        | .ascii "Stopping"
  193: 0x0250  LABEL      | scapa
  193: 0x0250  DIR        | .ascii "Begin data capture"
  194: 0x0263  LABEL      | scapb
  194: 0x0263  DIR        | .ascii "End data capture"
  196: 0x0274  DIR        | .align 4
  197: 0x0274  LABEL      | zpos
  197: 0x0274  DIR        | .long 0x0
  198: 0x0278  LABEL      | zhght
  198: 0x0278  DIR        | .long 0x0
  199: 0x027C  LABEL      | zhmax
  199: 0x027C  DIR        | .long 0x0
  200: 0x0280  LABEL      | zbase
  200: 0x0280  DIR        | .long 0x0
  202: 0x0284  DIR        | .pos 0x400
  203: 0x0400  LABEL      | stack
Subbing label: _setteam (0xD) into program address (0x51)
Subbing label: _respawn (0x10) into program address (0x73)
Subbing label: se (0x23A) into program address (0x1AC)
Subbing label: loop (0x12B) into program address (0x190)
Subbing label: zhmax (0x27C) into program address (0x84)
Subbing label: zhmax (0x27C) into program address (0x15D)
Subbing label: zhmax (0x27C) into program address (0x171)
Subbing label: zhmax (0x27C) into program address (0x198)
Subbing label: skip (0x175) into program address (0x165)
Subbing label: stack (0x400) into program address (0x2)
Subbing label: stack (0x400) into program address (0x8)
Subbing label: zpos (0x274) into program address (0x142)
Subbing label: zpos (0x274) into program address (0x150)
Subbing label: _setclass (0xF) into program address (0x60)
Subbing label: _setbuttons (0x9) into program address (0xF1)
Subbing label: _setbuttons (0x9) into program address (0x102)
Subbing label: _setbuttons (0x9) into program address (0x113)
Subbing label: _setbuttons (0x9) into program address (0x127)
Subbing label: resp (0x70) into program address (0x1C2)
Subbing label: resp (0x70) into program address (0x1D7)
Subbing label: main (0x20) into program address (0xD)
Subbing label: _kickbot (0xB) into program address (0x1DE)
Subbing label: _spawnbot (0xA) into program address (0x40)
Subbing label: zbase (0x280) into program address (0xA5)
Subbing label: zbase (0x280) into program address (0x14A)
Subbing label: _getpos (0x0) into program address (0x97)
Subbing label: _getpos (0x0) into program address (0x134)
Subbing label: _setlvel (0x7) into program address (0xC4)
Subbing label: _getvel (0x4) into program address (0x17E)
Subbing label: _cout (0x13) into program address (0x3B)
Subbing label: _cout (0x13) into program address (0x1B3)
Subbing label: zhght (0x278) into program address (0x157)
Subbing label: zhght (0x278) into program address (0x16B)
Subbing label: sa (0x1E4) into program address (0x34)
Subbing label: _setang (0x3) into program address (0xDD)
Generated binary (1024 bytes):
  0x0000:   30 04 00 04    00 00 30 05    00 04 00 00    80 20 00 00
  0x0010:   00 30 07 FF    00 00 00 00    00 00 00 00    00 00 00 00
  0x0020:   30 01 08 00    00 00 A0 50    20 45 30 03    00 00 00 00
  0x0030:   A0 30 30 03    E4 01 00 00    A0 30 81 13    00 00 00 81
  0x0040:   0A 00 00 00    20 02 30 03    03 00 00 00    A0 30 A0 20
  0x0050:   81 0D 00 00    00 30 03 03    00 00 00 A0    30 A0 20 81
  0x0060:   0F 00 00 00    30 06 00 00    00 00 30 07    00 00 00 00
  0x0070:   A0 20 81 10    00 00 00 F1    32 00 00 00    30 00 00 00
  0x0080:   80 FF 30 03    7C 02 00 00    40 03 00 00    00 00 A0 00
  0x0090:   A0 00 A0 00    A0 20 81 00    00 00 00 50    15 FC FF FF
  0x00A0:   FF 67 00 40    10 80 02 00    00 30 03 00    00 00 00 A0
  0x00B0:   30 30 03 00    00 C8 43 A0    30 30 03 00    00 00 00 A0
  0x00C0:   30 A0 20 81    07 00 00 00    30 03 00 00    00 00 A0 30
  0x00D0:   A0 30 30 03    00 00 B2 42    A0 30 A0 20    81 03 00 00
  0x00E0:   00 F1 14 00    00 00 30 03    04 00 00 00    A0 30 A0 20
  0x00F0:   81 09 00 00    00 F0 06 30    03 00 00 00    00 A0 30 A0
  0x0100:   20 81 09 00    00 00 F0 07    30 03 03 00    00 00 A0 30
  0x0110:   A0 20 81 09    00 00 00 F1    0A 00 00 00    30 03 00 00
  0x0120:   00 00 A0 30    A0 20 81 09    00 00 00 A0    00 A0 00 A0
  0x0130:   00 A0 20 81    00 00 00 00    50 35 FC FF    FF FF 67 00
  0x0140:   40 30 74 02    00 00 67 00    C0 10 80 02    00 00 C0 10
  0x0150:   74 02 00 00    D1 C1 10 78    02 00 00 C0    10 7C 02 00
  0x0160:   00 D1 C2 00    76 75 01 00    00 C0 10 78    02 00 00 C2
  0x0170:   10 7C 02 00    00 A0 00 A0    00 A0 00 A0    20 81 04 00
  0x0180:   00 00 50 35    FC FF FF FF    6C 33 F1 01    00 00 00 75
  0x0190:   2B 01 00 00    67 00 50 30    7C 02 00 00    A0 30 A0 70
  0x01A0:   A0 60 30 03    03 00 00 00    A0 30 30 03    3A 02 00 00
  0x01B0:   A0 30 81 13    00 00 00 30    00 3C 00 00    00 6D 06 6B
  0x01C0:   60 76 70 00    00 00 30 00    3C 00 00 00    6D 07 6B 70
  0x01D0:   30 06 00 00    00 00 76 70    00 00 00 A0    20 81 0B 00
  0x01E0:   00 00 00 00    2A 2A 2A 20    53 74 61 72    74 69 6E 67
  0x01F0:   20 70 72 6F    67 72 61 6D    20 2A 2A 2A    00 25 4C 20
  0x0200:   68 61 73 20    68 65 69 67    68 74 3D 25    2E 31 66 00
  0x0210:   49 74 65 72    61 74 69 6F    6E 20 25 64    2C 20 63 6C
  0x0220:   69 65 6E 74    20 25 64 00    25 4C 20 68    61 64 20 6D
  0x0230:   61 78 20 7A    3D 25 2E 31    66 00 25 32    64 2C 20 25
  0x0240:   32 64 2C 20    25 66 00 53    74 6F 70 70    69 6E 67 00
  0x0250:   42 65 67 69    6E 20 64 61    74 61 20 63    61 70 74 75
  0x0260:   72 65 00 45    6E 64 20 64    61 74 61 20    63 61 70 74
  0x0270:   75 72 65 00    00 00 00 00    00 00 00 00    00 00 00 00
  0x0280:   00 00 00 00    00 00 00 00    00 00 00 00    00 00 00 00
  0x0290:   00 00 00 00    00 00 00 00    00 00 00 00    00 00 00 00
  0x02A0:   00 00 00 00    00 00 00 00    00 00 00 00    00 00 00 00
  0x02B0:   00 00 00 00    00 00 00 00    00 00 00 00    00 00 00 00
  0x02C0:   00 00 00 00    00 00 00 00    00 00 00 00    00 00 00 00
  0x02D0:   00 00 00 00    00 00 00 00    00 00 00 00    00 00 00 00
  0x02E0:   00 00 00 00    00 00 00 00    00 00 00 00    00 00 00 00
  0x02F0:   00 00 00 00    00 00 00 00    00 00 00 00    00 00 00 00
  0x0300:   00 00 00 00    00 00 00 00    00 00 00 00    00 00 00 00
  0x0310:   00 00 00 00    00 00 00 00    00 00 00 00    00 00 00 00
  0x0320:   00 00 00 00    00 00 00 00    00 00 00 00    00 00 00 00
  0x0330:   00 00 00 00    00 00 00 00    00 00 00 00    00 00 00 00
  0x0340:   00 00 00 00    00 00 00 00    00 00 00 00    00 00 00 00
  0x0350:   00 00 00 00    00 00 00 00    00 00 00 00    00 00 00 00
  0x0360:   00 00 00 00    00 00 00 00    00 00 00 00    00 00 00 00
  0x0370:   00 00 00 00    00 00 00 00    00 00 00 00    00 00 00 00
  0x0380:   00 00 00 00    00 00 00 00    00 00 00 00    00 00 00 00
  0x0390:   00 00 00 00    00 00 00 00    00 00 00 00    00 00 00 00
  0x03A0:   00 00 00 00    00 00 00 00    00 00 00 00    00 00 00 00
  0x03B0:   00 00 00 00    00 00 00 00    00 00 00 00    00 00 00 00
  0x03C0:   00 00 00 00    00 00 00 00    00 00 00 00    00 00 00 00
  0x03D0:   00 00 00 00    00 00 00 00    00 00 00 00    00 00 00 00
  0x03E0:   00 00 00 00    00 00 00 00    00 00 00 00    00 00 00 00
  0x03F0:   00 00 00 00    00 00 00 00    00 00 00 00    00 00 00 00
sm_comp ctap2.asm
sm_halt
sm_sim
[SB] Beginning simulation
*** Starting program ***
Cannot verify load for invalid steam ID [A:1:213:1]
[SB] Spawned bot: SimuBOT<308><BOT><>
 0,  0, 371.811523
 1,  0, 635.225036
 2,  0, 635.182312
 3,  0, 635.116455
 4,  0, 635.031982
 5,  0, 634.932983
 6,  0, 634.824096
 7,  0, 634.710815
 8,  0, 634.598022
 9,  0, 640.404602
10,  0, 640.260192
11,  0, 640.141662
12,  0, 640.056579
13,  0, 640.015075
14,  0, 640.012023
15,  0, 211.499694
16,  0, 210.780929
17,  0, 210.095504
18,  0, 209.443786
19,  0, 208.834915
20,  0, 208.256256
21,  0, 207.706710
22,  0, 207.185546
23,  0, 206.691482
24,  0, 206.223175
25,  0, 205.779922
26,  0, 205.360626
27,  0, 204.963897
28,  0, 204.588912
29,  0, 204.215332
30,  0, 203.839736
31,  0, 203.659301
32,  0, 203.659301
33,  0, 203.659301
34,  0, 203.659301
35,  0, 203.659301
36,  0, 203.659301
37,  0, 203.659301
38,  0, 203.659301
39,  0, 203.659301
40,  0, 203.659301
41,  0, 203.659301
42,  0, 203.659301
43,  0, 203.659301
44,  0, 203.659301
45,  0, 203.659301
46,  0, 203.659301
47,  0, 203.659301
48,  0, 203.659301
49,  0, 203.659301
50,  0, 203.659301
51,  0, 203.659301
52,  0, 203.659301
53,  0, 203.659301
54,  0, 203.659301
55,  0, 203.659301
56,  0, 203.659301
57,  0, 203.659301
58,  0, 203.659301
59,  0, 203.659301
 0,  1, 371.811523
 1,  1, 371.811523
 2,  1, 635.225036
 3,  1, 635.182312
 4,  1, 635.116455
 5,  1, 635.031982
 6,  1, 634.932983
 7,  1, 634.824096
 8,  1, 634.710815
 9,  1, 634.598022
10,  1, 640.404602
11,  1, 640.260192
12,  1, 640.141662
13,  1, 640.056579
14,  1, 640.015075
15,  1, 210.771041
16,  1, 210.085906
17,  1, 209.434539
18,  1, 208.825866
19,  1, 208.247344
20,  1, 207.698089
21,  1, 207.177032
22,  1, 206.682830
23,  1, 206.214996
24,  1, 205.771881
25,  1, 205.352615
26,  1, 204.956024
27,  1, 204.581008
28,  1, 204.207656
29,  1, 203.832153
30,  1, 203.651840
31,  1, 203.651840
32,  1, 203.651840
33,  1, 203.651840
34,  1, 203.651840
35,  1, 203.651840
36,  1, 203.651840
37,  1, 203.651840
38,  1, 203.651840
39,  1, 203.651840
40,  1, 203.651840
41,  1, 203.651840
42,  1, 203.651840
43,  1, 203.651840
44,  1, 203.651840
45,  1, 203.651840
46,  1, 203.651840
47,  1, 203.651840
48,  1, 203.651840
49,  1, 203.651840
50,  1, 203.651840
51,  1, 203.651840
52,  1, 203.651840
53,  1, 203.651840
54,  1, 203.651840
55,  1, 203.651840
56,  1, 203.651840
57,  1, 203.651840
58,  1, 203.651840
59,  1, 203.651840
 0,  2, 371.811523
 1,  2, 371.811523
 2,  2, 371.811523
 3,  2, 635.225036
 4,  2, 635.182312
 5,  2, 635.116455
 6,  2, 635.031982
 7,  2, 634.932983
 8,  2, 634.824096
 9,  2, 634.710815
10,  2, 634.598022
11,  2, 640.404602
12,  2, 640.260192
13,  2, 640.141662
14,  2, 640.056579
15,  2, 210.058746
16,  2, 209.408630
17,  2, 208.800430
18,  2, 208.222442
19,  2, 207.673767
20,  2, 207.153121
21,  2, 206.659530
22,  2, 206.191848
23,  2, 205.749176
24,  2, 205.330184
25,  2, 204.933929
26,  2, 204.559295
27,  2, 204.186080
28,  2, 203.810913
29,  2, 203.630737
30,  2, 203.630737
31,  2, 203.630737
32,  2, 203.630737
33,  2, 203.630737
34,  2, 203.630737
35,  2, 203.630737
36,  2, 203.630737
37,  2, 203.630737
38,  2, 203.630737
39,  2, 203.630737
40,  2, 203.630737
41,  2, 203.630737
42,  2, 203.630737
43,  2, 203.630737
44,  2, 203.630737
45,  2, 203.630737
46,  2, 203.630737
47,  2, 203.630737
48,  2, 203.630737
49,  2, 203.630737
50,  2, 203.630737
51,  2, 203.630737
52,  2, 203.630737
53,  2, 203.630737
54,  2, 203.630737
55,  2, 203.630737
56,  2, 203.630737
57,  2, 203.630737
58,  2, 203.630737
59,  2, 203.630737
 0,  3, 371.811523
 1,  3, 371.811523
 2,  3, 371.811523
 3,  3, 371.811523
 4,  3, 635.225036
 5,  3, 635.182312
 6,  3, 635.116455
 7,  3, 635.031982
 8,  3, 634.932983
 9,  3, 634.824096
10,  3, 634.710815
11,  3, 634.598022
12,  3, 640.404602
13,  3, 640.260192
14,  3, 640.141662
15,  3, 209.368865
16,  3, 208.761718
17,  3, 208.184478
18,  3, 207.636428
19,  3, 207.116561
20,  3, 206.623504
21,  3, 206.156402
22,  3, 205.714279
23,  3, 205.295806
24,  3, 204.900100
25,  3, 204.525863
26,  3, 204.153137
27,  3, 203.778411
28,  3, 203.598449
29,  3, 203.598449
30,  3, 203.598449
31,  3, 203.598449
32,  3, 203.598449
33,  3, 203.598449
34,  3, 203.598449
35,  3, 203.598449
36,  3, 203.598449
37,  3, 203.598449
38,  3, 203.598449
39,  3, 203.598449
40,  3, 203.598449
41,  3, 203.598449
42,  3, 203.598449
43,  3, 203.598449
44,  3, 203.598449
45,  3, 203.598449
46,  3, 203.598449
47,  3, 203.598449
48,  3, 203.598449
49,  3, 203.598449
50,  3, 203.598449
51,  3, 203.598449
52,  3, 203.598449
53,  3, 203.598449
54,  3, 203.598449
55,  3, 203.598449
56,  3, 203.598449
57,  3, 203.598449
58,  3, 203.598449
59,  3, 203.598449
 0,  4, 371.811523
 1,  4, 371.811523
 2,  4, 371.811523
 3,  4, 371.811523
 4,  4, 371.811523
 5,  4, 635.225036
 6,  4, 635.182312
 7,  4, 635.116455
 8,  4, 635.031982
 9,  4, 634.932983
10,  4, 634.824035
11,  4, 634.710815
12,  4, 634.598022
13,  4, 640.404602
14,  4, 640.260192
15,  4, 208.711883
16,  4, 208.135772
17,  4, 207.588592
18,  4, 207.069458
19,  4, 206.577362
20,  4, 206.111114
21,  4, 205.669616
22,  4, 205.251907
23,  4, 204.856719
24,  4, 204.483093
25,  4, 204.110946
26,  4, 203.736816
27,  4, 203.557052
28,  4, 203.557052
29,  4, 203.557052
30,  4, 203.557052
31,  4, 203.557052
32,  4, 203.557052
33,  4, 203.557052
34,  4, 203.557052
35,  4, 203.557052
36,  4, 203.557052
37,  4, 203.557052
38,  4, 203.557052
39,  4, 203.557052
40,  4, 203.557052
41,  4, 203.557052
42,  4, 203.557052
43,  4, 203.557052
44,  4, 203.557052
45,  4, 203.557052
46,  4, 203.557052
47,  4, 203.557052
48,  4, 203.557052
49,  4, 203.557052
50,  4, 203.557052
51,  4, 203.557052
52,  4, 203.557052
53,  4, 203.557052
54,  4, 203.557052
55,  4, 203.557052
56,  4, 203.557052
57,  4, 203.557052
58,  4, 203.557052
59,  4, 203.557052
 0,  5, 371.811523
 1,  5, 371.811523
 2,  5, 371.811523
 3,  5, 371.811523
 4,  5, 371.811523
 5,  5, 371.811523
 6,  5, 635.225036
 7,  5, 635.182312
 8,  5, 635.116455
 9,  5, 635.031982
10,  5, 634.932983
11,  5, 634.824096
12,  5, 634.710815
13,  5, 634.598022
14,  5, 640.404602
15,  5, 208.078994
16,  5, 207.532989
17,  5, 207.014877
18,  5, 206.523727
19,  5, 206.058334
20,  5, 205.617675
21,  5, 205.200698
22,  5, 204.806213
23,  5, 204.433273
24,  5, 204.061737
25,  5, 203.688247
26,  5, 203.508850
27,  5, 203.508850
28,  5, 203.508850
29,  5, 203.508850
30,  5, 203.508850
31,  5, 203.508850
32,  5, 203.508850
33,  5, 203.508850
34,  5, 203.508850
35,  5, 203.508850
36,  5, 203.508850
37,  5, 203.508850
38,  5, 203.508850
39,  5, 203.508850
40,  5, 203.508850
41,  5, 203.508850
42,  5, 203.508850
43,  5, 203.508850
44,  5, 203.508850
45,  5, 203.508850
46,  5, 203.508850
47,  5, 203.508850
48,  5, 203.508850
49,  5, 203.508850
50,  5, 203.508850
51,  5, 203.508850
52,  5, 203.508850
53,  5, 203.508850
54,  5, 203.508850
55,  5, 203.508850
56,  5, 203.508850
57,  5, 203.508850
58,  5, 203.508850
59,  5, 203.508850
 0,  6, 371.811523
 1,  6, 371.811523
 2,  6, 371.811523
 3,  6, 371.811523
 4,  6, 371.811523
 5,  6, 371.811523
 6,  6, 371.811523
 7,  6, 635.225036
 8,  6, 635.182312
 9,  6, 635.116455
10,  6, 635.031982
11,  6, 634.932983
12,  6, 634.824096
13,  6, 634.710815
14,  6, 634.597961
15,  6, 207.472167
16,  6, 206.955169
17,  6, 206.464981
18,  6, 206.000640
19,  6, 205.560806
20,  6, 205.144622
21,  6, 204.750976
22,  6, 204.378723
23,  6, 204.007934
24,  6, 203.635238
25,  6, 203.456146
26,  6, 203.456146
27,  6, 203.456146
28,  6, 203.456146
29,  6, 203.456146
30,  6, 203.456146
31,  6, 203.456146
32,  6, 203.456146
33,  6, 203.456146
34,  6, 203.456146
35,  6, 203.456146
36,  6, 203.456146
37,  6, 203.456146
38,  6, 203.456146
39,  6, 203.456146
40,  6, 203.456146
41,  6, 203.456146
42,  6, 203.456146
43,  6, 203.456146
44,  6, 203.456146
45,  6, 203.456146
46,  6, 203.456146
47,  6, 203.456146
48,  6, 203.456146
49,  6, 203.456146
50,  6, 203.456146
51,  6, 203.456146
52,  6, 203.456146
53,  6, 203.456146
54,  6, 203.456146
55,  6, 203.456146
56,  6, 203.456146
57,  6, 203.456146
58,  6, 203.456146
59,  6, 203.456146
 0,  7, 371.811523
 1,  7, 371.811523
 2,  7, 371.811523
 3,  7, 371.811523
 4,  7, 371.811523
 5,  7, 371.811523
 6,  7, 371.811553
 7,  7, 371.811523
 8,  7, 635.225036
 9,  7, 635.182312
10,  7, 635.116455
11,  7, 635.031982
12,  7, 634.932983
13,  7, 634.824096
14,  7, 634.710815
15,  7, 214.080627
16,  7, 213.246459
17,  7, 212.445449
18,  7, 211.678115
19,  7, 210.944122
20,  7, 210.243179
21,  7, 209.557312
22,  7, 208.877685
23,  7, 208.370132
24,  7, 208.204864
25,  7, 208.204864
26,  7, 208.204864
27,  7, 208.204864
28,  7, 208.204864
29,  7, 208.204864
30,  7, 208.204864
31,  7, 208.204864
32,  7, 208.204864
33,  7, 208.204864
34,  7, 208.204864
35,  7, 208.204864
36,  7, 208.204864
37,  7, 208.204864
38,  7, 208.204864
39,  7, 208.204864
40,  7, 208.204864
41,  7, 208.204864
42,  7, 208.204864
43,  7, 208.204864
44,  7, 208.204864
45,  7, 208.204864
46,  7, 208.204864
47,  7, 208.204864
48,  7, 208.204864
49,  7, 208.204864
50,  7, 208.204864
51,  7, 208.204864
52,  7, 208.204864
53,  7, 208.204864
54,  7, 208.204864
55,  7, 208.204864
56,  7, 208.204864
57,  7, 208.204864
58,  7, 208.204864
59,  7, 208.204864
 0,  8, 371.811523
 1,  8, 371.811523
 2,  8, 371.811523
 3,  8, 371.811523
 4,  8, 371.811523
 5,  8, 371.811553
 6,  8, 371.811523
 7,  8, 371.811523
 8,  8, 371.811523
 9,  8, 635.225036
10,  8, 635.182373
11,  8, 635.116394
12,  8, 635.031982
13,  8, 634.932983
14,  8, 634.824096
15,  8, 213.168258
16,  8, 212.369415
17,  8, 211.603851
18,  8, 210.871719
19,  8, 210.172607
20,  8, 209.488540
21,  8, 208.811431
22,  8, 208.305175
23,  8, 208.140319
24,  8, 208.140319
25,  8, 208.140319
26,  8, 208.140319
27,  8, 208.140319
28,  8, 208.140319
29,  8, 208.140319
30,  8, 208.140319
31,  8, 208.140319
32,  8, 208.140319
33,  8, 208.140319
34,  8, 208.140319
35,  8, 208.140319
36,  8, 208.140319
37,  8, 208.140319
38,  8, 208.140319
39,  8, 208.140319
40,  8, 208.140319
41,  8, 208.140319
42,  8, 208.140319
43,  8, 208.140319
44,  8, 208.140319
45,  8, 208.140319
46,  8, 208.140319
47,  8, 208.140319
48,  8, 208.140319
49,  8, 208.140319
50,  8, 208.140319
51,  8, 208.140319
52,  8, 208.140319
53,  8, 208.140319
54,  8, 208.140319
55,  8, 208.140319
56,  8, 208.140319
57,  8, 208.140319
58,  8, 208.140319
59,  8, 208.140319
 0,  9, 371.811523
 1,  9, 371.811523
 2,  9, 371.811523
 3,  9, 371.811523
 4,  9, 371.811553
 5,  9, 371.811523
 6,  9, 371.811523
 7,  9, 371.811523
 8,  9, 371.811523
 9,  9, 371.811523
10,  9, 635.225036
11,  9, 635.182250
12,  9, 635.116455
13,  9, 635.031982
14,  9, 634.932983
15,  9, 212.297592
16,  9, 211.533767
17,  9, 210.803482
18,  9, 210.105819
19,  9, 209.424499
20,  9, 208.749084
21,  9, 208.243789
22,  9, 208.079315
23,  9, 208.079315
24,  9, 208.079315
25,  9, 208.079315
26,  9, 208.079315
27,  9, 208.079315
28,  9, 208.079315
29,  9, 208.079315
30,  9, 208.079315
31,  9, 208.079315
32,  9, 208.079315
33,  9, 208.079315
34,  9, 208.079315
35,  9, 208.079315
36,  9, 208.079315
37,  9, 208.079315
38,  9, 208.079315
39,  9, 208.079315
40,  9, 208.079315
41,  9, 208.079315
42,  9, 208.079315
43,  9, 208.079315
44,  9, 208.079315
45,  9, 208.079315
46,  9, 208.079315
47,  9, 208.079315
48,  9, 208.079315
49,  9, 208.079315
50,  9, 208.079315
51,  9, 208.079315
52,  9, 208.079315
53,  9, 208.079315
54,  9, 208.079315
55,  9, 208.079315
56,  9, 208.079315
57,  9, 208.079315
58,  9, 208.079315
59,  9, 208.079315
 0, 10, 371.811523
 1, 10, 371.811523
 2, 10, 371.811523
 3, 10, 371.811553
 4, 10, 371.811523
 5, 10, 371.811523
 6, 10, 371.811523
 7, 10, 371.811523
 8, 10, 371.811523
 9, 10, 371.811523
10, 10, 371.811523
11, 10, 635.225036
12, 10, 635.182312
13, 10, 635.116455
14, 10, 635.032043
15, 10, 211.471221
16, 10, 210.742340
17, 10, 210.046234
18, 10, 209.367355
19, 10, 208.693145
20, 10, 208.188888
21, 10, 208.024627
22, 10, 208.024627
23, 10, 208.024627
24, 10, 208.024627
25, 10, 208.024627
26, 10, 208.024627
27, 10, 208.024627
28, 10, 208.024627
29, 10, 208.024627
30, 10, 208.024627
31, 10, 208.024627
32, 10, 208.024627
33, 10, 208.024627
34, 10, 208.024627
35, 10, 208.024627
36, 10, 208.024627
37, 10, 208.024627
38, 10, 208.024627
39, 10, 208.024627
40, 10, 208.024627
41, 10, 208.024627
42, 10, 208.024627
43, 10, 208.024627
44, 10, 208.024627
45, 10, 208.024627
46, 10, 208.024627
47, 10, 208.024627
48, 10, 208.024627
49, 10, 208.024627
50, 10, 208.024627
51, 10, 208.024627
52, 10, 208.024627
53, 10, 208.024627
54, 10, 208.024627
55, 10, 208.024627
56, 10, 208.024719
57, 10, 208.024719
58, 10, 208.024719
59, 10, 208.024719
 0, 11, 371.811523
 1, 11, 371.811523
 2, 11, 371.811553
 3, 11, 371.811523
 4, 11, 371.811523
 5, 11, 371.811523
 6, 11, 371.811523
 7, 11, 371.811523
 8, 11, 371.811523
 9, 11, 371.811523
10, 11, 371.811523
11, 11, 371.811523
12, 11, 635.225036
13, 11, 635.182312
14, 11, 635.116455
15, 11, 210.692214
16, 11, 209.997222
17, 11, 209.320571
18, 11, 208.647369
19, 11, 208.143829
20, 11, 207.979843
21, 11, 207.979843
22, 11, 207.979843
23, 11, 207.979843
24, 11, 207.979843
25, 11, 207.979843
26, 11, 207.979843
27, 11, 207.979843
28, 11, 207.979843
29, 11, 207.979843
30, 11, 207.979843
31, 11, 207.979843
32, 11, 207.979843
33, 11, 207.979843
34, 11, 207.979843
35, 11, 207.979843
36, 11, 207.979843
37, 11, 207.979843
38, 11, 207.979843
39, 11, 207.979843
40, 11, 207.979843
41, 11, 207.979843
42, 11, 207.979843
43, 11, 207.979843
44, 11, 207.979843
45, 11, 207.979843
46, 11, 207.979843
47, 11, 207.979843
48, 11, 207.979843
49, 11, 207.979843
50, 11, 207.979843
51, 11, 207.979843
52, 11, 207.979843
53, 11, 207.979843
54, 11, 207.979843
55, 11, 207.979812
56, 11, 207.979812
57, 11, 207.979812
58, 11, 207.979812
59, 11, 207.979812
 0, 12, 371.811523
 1, 12, 371.811553
 2, 12, 371.811523
 3, 12, 371.811523
 4, 12, 371.811523
 5, 12, 371.811523
 6, 12, 371.811523
 7, 12, 371.811523
 8, 12, 371.811523
 9, 12, 371.811523
10, 12, 371.811523
11, 12, 371.811523
12, 12, 371.811523
13, 12, 635.225036
14, 12, 635.182312
15, 12, 106.910720
16, 12, 106.666885
17, 12, 106.420806
18, 12, 106.236816
19, 12, 106.176872
20, 12, 106.176872
21, 12, 106.176872
22, 12, 106.176872
23, 12, 106.176872
24, 12, 106.176872
25, 12, 106.176872
26, 12, 106.176872
27, 12, 106.176872
28, 12, 106.176872
29, 12, 106.176872
30, 12, 106.176872
31, 12, 106.176872
32, 12, 106.176872
33, 12, 106.176872
34, 12, 106.176872
35, 12, 106.176872
36, 12, 106.176872
37, 12, 106.176872
38, 12, 106.176872
39, 12, 106.176872
40, 12, 106.176872
41, 12, 106.176872
42, 12, 106.176872
43, 12, 106.176872
44, 12, 106.176872
45, 12, 106.176872
46, 12, 106.176872
47, 12, 106.176872
48, 12, 106.176872
49, 12, 106.176872
50, 12, 106.176872
51, 12, 106.176872
52, 12, 106.176872
53, 12, 106.176872
54, 12, 106.176872
55, 12, 106.176872
56, 12, 106.176872
57, 12, 106.176872
58, 12, 106.176872
59, 12, 106.176872
 0, 13, 371.811553
 1, 13, 371.811523
 2, 13, 371.811523
 3, 13, 371.811523
 4, 13, 371.811523
 5, 13, 371.811523
 6, 13, 371.811523
 7, 13, 371.811523
 8, 13, 371.811523
 9, 13, 371.811523
10, 13, 371.811523
11, 13, 371.811523
12, 13, 371.811523
13, 13, 371.811492
14, 13, 635.225036
15, 13, 107.386428
16, 13, 107.143875
17, 13, 106.903457
18, 13, 106.787826
19, 13, 106.787826
20, 13, 106.787826
21, 13, 106.787826
22, 13, 106.787826
23, 13, 106.787826
24, 13, 106.787826
25, 13, 106.787826
26, 13, 106.787826
27, 13, 106.787826
28, 13, 106.787826
29, 13, 106.787826
30, 13, 106.787826
31, 13, 106.787826
32, 13, 106.787826
33, 13, 106.787826
34, 13, 106.787826
35, 13, 106.787826
36, 13, 106.787826
37, 13, 106.787826
38, 13, 106.787826
39, 13, 106.787826
40, 13, 106.787826
41, 13, 106.787826
42, 13, 106.787826
43, 13, 106.787826
44, 13, 106.787826
45, 13, 106.787826
46, 13, 106.787826
47, 13, 106.787826
48, 13, 106.787826
49, 13, 106.787826
50, 13, 106.787826
51, 13, 106.787826
52, 13, 106.787826
53, 13, 106.787796
54, 13, 106.787796
55, 13, 106.787796
56, 13, 106.787796
57, 13, 106.787796
58, 13, 106.787796
59, 13, 106.787796
 0, 14, 371.811523
 1, 14, 371.811523
 2, 14, 371.811523
 3, 14, 371.811523
 4, 14, 371.811523
 5, 14, 371.811523
 6, 14, 371.811523
 7, 14, 371.811523
 8, 14, 371.811523
 9, 14, 371.811523
10, 14, 371.811523
11, 14, 371.811523
12, 14, 371.811492
13, 14, 371.811523
14, 14, 371.811523
15, 14, 363.981781
16, 14, 363.552551
17, 14, 363.126373
18, 14, 362.695251
19, 14, 362.486694
20, 14, 362.486694
21, 14, 362.486694
22, 14, 362.486694
23, 14, 362.486694
24, 14, 362.486694
25, 14, 362.486694
26, 14, 362.486694
27, 14, 362.486694
28, 14, 362.486694
29, 14, 362.486694
30, 14, 362.486694
31, 14, 362.486694
32, 14, 362.486694
33, 14, 362.486694
34, 14, 362.486694
35, 14, 362.486694
36, 14, 362.486694
37, 14, 362.486694
38, 14, 362.486694
39, 14, 362.486694
40, 14, 362.486694
41, 14, 362.486694
42, 14, 362.486694
43, 14, 362.486694
44, 14, 362.486694
45, 14, 362.486694
46, 14, 362.486694
47, 14, 362.486694
48, 14, 362.486694
49, 14, 362.486694
50, 14, 362.486694
51, 14, 362.486694
52, 14, 362.486694
53, 14, 362.486694
54, 14, 362.486694
55, 14, 362.486694
56, 14, 362.486694
57, 14, 362.486694
58, 14, 362.486694
59, 14, 362.486694
 0, 15, 371.811523
 1, 15, 371.811523
 2, 15, 371.811523
 3, 15, 371.811523
 4, 15, 371.811523
 5, 15, 371.811523
 6, 15, 371.811523
 7, 15, 371.811523
 8, 15, 371.811523
 9, 15, 371.811523
10, 15, 371.811523
11, 15, 371.811492
12, 15, 371.811523
13, 15, 371.811523
14, 15, 371.811523
15, 15, 363.552551
16, 15, 363.126373
17, 15, 362.695251
18, 15, 362.486694
19, 15, 362.486694
20, 15, 362.486694
21, 15, 362.486694
22, 15, 362.486694
23, 15, 362.486694
24, 15, 362.486694
25, 15, 362.486694
26, 15, 362.486694
27, 15, 362.486694
28, 15, 362.486694
29, 15, 362.486694
30, 15, 362.486694
31, 15, 362.486694
32, 15, 362.486694
33, 15, 362.486694
34, 15, 362.486694
35, 15, 362.486694
36, 15, 362.486694
37, 15, 362.486694
38, 15, 362.486694
39, 15, 362.486694
40, 15, 362.486694
41, 15, 362.486694
42, 15, 362.486694
43, 15, 362.486694
44, 15, 362.486694
45, 15, 362.486694
46, 15, 362.486694
47, 15, 362.486694
48, 15, 362.486694
49, 15, 362.486694
50, 15, 362.486694
51, 15, 362.486694
52, 15, 362.486694
53, 15, 362.486694
54, 15, 362.486694
55, 15, 362.486694
56, 15, 362.486694
57, 15, 362.486694
58, 15, 362.486694
59, 15, 362.486694
 0, 16, 371.811523
 1, 16, 371.811523
 2, 16, 371.811523
 3, 16, 371.811523
 4, 16, 371.811523
 5, 16, 371.811523
 6, 16, 371.811523
 7, 16, 371.811523
 8, 16, 371.811523
 9, 16, 371.811523
10, 16, 371.811492
11, 16, 371.811523
12, 16, 371.811523
13, 16, 371.811523
14, 16, 371.811523
15, 16, 365.613067
16, 16, 365.214263
17, 16, 364.808807
18, 16, 364.612396
19, 16, 364.612396
20, 16, 364.612396
21, 16, 364.612396
22, 16, 364.612396
23, 16, 364.612396
24, 16, 364.612396
25, 16, 364.612396
26, 16, 364.612396
27, 16, 364.612396
28, 16, 364.612396
29, 16, 364.612396
30, 16, 364.612396
31, 16, 364.612396
32, 16, 364.612396
33, 16, 364.612396
34, 16, 364.612396
35, 16, 364.612396
36, 16, 364.612396
37, 16, 364.612396
38, 16, 364.612396
39, 16, 364.612396
40, 16, 364.612396
41, 16, 364.612396
42, 16, 364.612396
43, 16, 364.612396
44, 16, 364.612396
45, 16, 364.612396
46, 16, 364.612396
47, 16, 364.612396
48, 16, 364.612396
49, 16, 364.612396
50, 16, 364.612396
51, 16, 364.612396
52, 16, 364.612396
53, 16, 364.612396
54, 16, 364.612396
55, 16, 364.612396
56, 16, 364.612396
57, 16, 364.612396
58, 16, 364.612396
59, 16, 364.612396
 0, 17, 371.811523
 1, 17, 371.811523
 2, 17, 371.811523
 3, 17, 371.811523
 4, 17, 371.811523
 5, 17, 371.811523
 6, 17, 371.811523
 7, 17, 371.811523
 8, 17, 371.811523
 9, 17, 371.811492
10, 17, 371.811523
11, 17, 371.811523
12, 17, 371.811523
13, 17, 371.811523
14, 17, 371.811523
15, 17, 367.411560
16, 17, 367.068542
17, 17, 366.719207
18, 17, 366.549743
19, 17, 366.549743
20, 17, 366.549743
21, 17, 366.549743
22, 17, 366.549743
23, 17, 366.549743
24, 17, 366.549743
25, 17, 366.549743
26, 17, 366.549743
27, 17, 366.549743
28, 17, 366.549743
29, 17, 366.549743
30, 17, 366.549743
31, 17, 366.549743
32, 17, 366.549743
33, 17, 366.549743
34, 17, 366.549743
35, 17, 366.549743
36, 17, 366.549743
37, 17, 366.549743
38, 17, 366.549743
39, 17, 366.549743
40, 17, 366.549743
41, 17, 366.549743
42, 17, 366.549743
43, 17, 366.549743
44, 17, 366.549743
45, 17, 366.549743
46, 17, 366.549743
47, 17, 366.549743
48, 17, 366.549743
49, 17, 366.549743
50, 17, 366.549743
51, 17, 366.549743
52, 17, 366.549743
53, 17, 366.549743
54, 17, 366.549743
55, 17, 366.549743
56, 17, 366.549743
57, 17, 366.549743
58, 17, 366.549743
59, 17, 366.549743
 0, 18, 371.811523
 1, 18, 371.811523
 2, 18, 371.811523
 3, 18, 371.811523
 4, 18, 371.811523
 5, 18, 371.811523
 6, 18, 371.811523
 7, 18, 371.811523
 8, 18, 371.811492
 9, 18, 371.811523
10, 18, 371.811523
11, 18, 371.811523
12, 18, 371.811523
13, 18, 371.811523
14, 18, 371.811523
15, 18, 368.950927
16, 18, 368.658508
17, 18, 368.360046
18, 18, 368.215179
19, 18, 368.215179
20, 18, 368.215179
21, 18, 368.215179
22, 18, 368.215179
23, 18, 368.215179
24, 18, 368.215179
25, 18, 368.215179
26, 18, 368.215179
27, 18, 368.215179
28, 18, 368.215179
29, 18, 368.215179
30, 18, 368.215179
31, 18, 368.215179
32, 18, 368.215179
33, 18, 368.215179
34, 18, 368.215179
35, 18, 368.215179
36, 18, 368.215179
37, 18, 368.215179
38, 18, 368.215179
39, 18, 368.215179
40, 18, 368.215179
41, 18, 368.215179
42, 18, 368.215179
43, 18, 368.215179
44, 18, 368.215179
45, 18, 368.215179
46, 18, 368.215179
47, 18, 368.215179
48, 18, 368.215179
49, 18, 368.215179
50, 18, 368.215179
51, 18, 368.215148
52, 18, 368.215179
53, 18, 368.215179
54, 18, 368.215179
55, 18, 368.215179
56, 18, 368.215179
57, 18, 368.215179
58, 18, 368.215179
59, 18, 368.215209
 0, 19, 371.811523
 1, 19, 371.811523
 2, 19, 371.811523
 3, 19, 371.811523
 4, 19, 371.811523
 5, 19, 371.811523
 6, 19, 371.811523
 7, 19, 371.811492
 8, 19, 371.811523
 9, 19, 371.811523
10, 19, 371.811523
11, 19, 371.811523
12, 19, 371.811523
13, 19, 371.811523
14, 19, 371.811462
15, 19, 370.256011
16, 19, 370.009155
17, 19, 369.756622
18, 19, 369.633758
19, 19, 369.633758
20, 19, 369.633758
21, 19, 369.633758
22, 19, 369.633758
23, 19, 369.633758
24, 19, 369.633758
25, 19, 369.633758
26, 19, 369.633758
27, 19, 369.633758
28, 19, 369.633758
29, 19, 369.633758
30, 19, 369.633758
31, 19, 369.633758
32, 19, 369.633758
33, 19, 369.633758
34, 19, 369.633758
35, 19, 369.633758
36, 19, 369.633758
37, 19, 369.633758
38, 19, 369.633758
39, 19, 369.633758
40, 19, 369.633758
41, 19, 369.633758
42, 19, 369.633758
43, 19, 369.633758
44, 19, 369.633758
45, 19, 369.633728
46, 19, 369.633758
47, 19, 369.633758
48, 19, 369.633758
49, 19, 369.633758
50, 19, 369.633819
51, 19, 369.633789
52, 19, 369.633758
53, 19, 369.633789
54, 19, 369.633789
55, 19, 369.633789
56, 19, 369.633789
57, 19, 369.633789
58, 19, 369.633789
59, 19, 369.633758
 0, 20, 371.811523
 1, 20, 371.811523
 2, 20, 371.811523
 3, 20, 371.811523
 4, 20, 371.811523
 5, 20, 371.811523
 6, 20, 371.811492
 7, 20, 371.811523
 8, 20, 371.811523
 9, 20, 371.811523
10, 20, 371.811523
11, 20, 371.811523
12, 20, 371.811523
13, 20, 371.811462
14, 20, 371.811553
15, 20, 371.350250
16, 20, 371.144256
17, 20, 370.932952
18, 20, 370.830108
19, 20, 370.830108
20, 20, 370.830108
21, 20, 370.830108
22, 20, 370.830108
23, 20, 370.830108
24, 20, 370.830108
25, 20, 370.830108
26, 20, 370.830108
27, 20, 370.830108
28, 20, 370.830108
29, 20, 370.830108
30, 20, 370.830108
31, 20, 370.830108
32, 20, 370.830108
33, 20, 370.830108
34, 20, 370.830108
35, 20, 370.830108
36, 20, 370.830108
37, 20, 370.830108
38, 20, 370.830108
39, 20, 370.830108
40, 20, 370.830108
41, 20, 370.830169
42, 20, 370.830108
43, 20, 370.830108
44, 20, 370.830169
45, 20, 370.830108
46, 20, 370.830108
47, 20, 370.830108
48, 20, 370.830108
49, 20, 370.830108
50, 20, 370.830108
51, 20, 370.830108
52, 20, 370.830108
53, 20, 370.830108
54, 20, 370.830108
55, 20, 370.830108
56, 20, 370.830108
57, 20, 370.830108
58, 20, 370.830108
59, 20, 370.830108
 0, 21, 371.811523
 1, 21, 371.811523
 2, 21, 371.811523
 3, 21, 371.811523
 4, 21, 371.811523
 5, 21, 371.811492
 6, 21, 371.811523
 7, 21, 371.811523
 8, 21, 371.811523
 9, 21, 371.811523
10, 21, 371.811523
11, 21, 371.811523
12, 21, 371.811462
13, 21, 371.811553
14, 21, 371.811523
15, 21, 371.811523
16, 21, 371.811523
17, 21, 371.811523
18, 21, 371.811523
19, 21, 371.811523
20, 21, 371.811523
21, 21, 371.811553
22, 21, 371.811553
23, 21, 371.811523
24, 21, 371.811523
25, 21, 371.811523
26, 21, 371.811462
27, 21, 371.811462
28, 21, 371.811462
29, 21, 371.811523
30, 21, 371.811523
31, 21, 371.811553
32, 21, 371.811553
33, 21, 371.811523
34, 21, 371.811492
35, 21, 371.811523
36, 21, 371.811523
37, 21, 371.811462
38, 21, 371.811523
39, 21, 371.811523
40, 21, 371.811523
41, 21, 371.811523
42, 21, 371.811523
43, 21, 371.811401
44, 21, 371.811401
45, 21, 371.811401
46, 21, 371.811401
47, 21, 371.811401
48, 21, 371.811401
49, 21, 371.811401
50, 21, 371.811401
51, 21, 371.811401
52, 21, 371.811401
53, 21, 371.811401
54, 21, 371.811401
55, 21, 371.811401
56, 21, 371.811401
57, 21, 371.811401
58, 21, 371.811401
59, 21, 371.811401
 0, 22, 371.811523
 1, 22, 371.811523
 2, 22, 371.811523
 3, 22, 371.811523
 4, 22, 371.811492
 5, 22, 371.811523
 6, 22, 371.811523
 7, 22, 371.811523
 8, 22, 371.811523
 9, 22, 371.811523
10, 22, 371.811523
11, 22, 371.811462
12, 22, 371.811553
13, 22, 371.811523
14, 22, 371.811523
15, 22, 371.811523
16, 22, 371.811523
17, 22, 371.811523
18, 22, 371.811523
19, 22, 371.811523
20, 22, 371.811523
21, 22, 371.811523
22, 22, 371.811523
23, 22, 371.811523
24, 22, 371.811523
25, 22, 371.811462
26, 22, 371.811462
27, 22, 371.811553
28, 22, 371.811523
29, 22, 371.811492
30, 22, 371.811523
31, 22, 371.811523
32, 22, 371.811523
33, 22, 371.811523
34, 22, 371.811523
35, 22, 371.811523
36, 22, 371.811523
37, 22, 371.811523
38, 22, 371.811523
39, 22, 371.811523
40, 22, 371.811401
41, 22, 371.811401
42, 22, 371.811401
43, 22, 371.811401
44, 22, 371.811401
45, 22, 371.811401
46, 22, 371.811401
47, 22, 371.811401
48, 22, 371.811401
49, 22, 371.811401
50, 22, 371.811401
51, 22, 371.811401
52, 22, 371.811401
53, 22, 371.811401
54, 22, 371.811401
55, 22, 371.811401
56, 22, 371.811401
57, 22, 371.811401
58, 22, 371.811401
59, 22, 371.811401
 0, 23, 371.811523
 1, 23, 371.811523
 2, 23, 371.811523
 3, 23, 371.811492
 4, 23, 371.811523
 5, 23, 371.811523
 6, 23, 371.811523
 7, 23, 371.811523
 8, 23, 371.811523
 9, 23, 371.811523
10, 23, 371.811462
11, 23, 371.811553
12, 23, 371.811523
13, 23, 371.811523
14, 23, 371.811523
15, 23, 371.811523
16, 23, 371.811523
17, 23, 371.811492
18, 23, 371.811492
19, 23, 371.811523
20, 23, 371.811523
21, 23, 371.811492
22, 23, 371.811523
23, 23, 371.811462
24, 23, 371.811492
25, 23, 371.811523
26, 23, 371.811553
27, 23, 371.811492
28, 23, 371.811492
29, 23, 371.811523
30, 23, 371.811523
31, 23, 371.811523
32, 23, 371.811523
33, 23, 371.811523
34, 23, 371.811523
35, 23, 371.811523
36, 23, 371.811523
37, 23, 371.811401
38, 23, 371.811401
39, 23, 371.811401
40, 23, 371.811401
41, 23, 371.811401
42, 23, 371.811401
43, 23, 371.811401
44, 23, 371.811401
45, 23, 371.811401
46, 23, 371.811401
47, 23, 371.811401
48, 23, 371.811401
49, 23, 371.811401
50, 23, 371.811401
51, 23, 371.811401
52, 23, 371.811401
53, 23, 371.811401
54, 23, 371.811401
55, 23, 371.811401
56, 23, 371.811401
57, 23, 371.811401
58, 23, 371.811401
59, 23, 371.811401
 0, 24, 371.811523
 1, 24, 371.811523
 2, 24, 371.811492
 3, 24, 371.811523
 4, 24, 371.811523
 5, 24, 371.811523
 6, 24, 371.811523
 7, 24, 371.811523
 8, 24, 371.811523
 9, 24, 371.811462
10, 24, 371.811553
11, 24, 371.811523
12, 24, 371.811523
13, 24, 371.811523
14, 24, 371.811523
15, 24, 371.811523
16, 24, 371.811523
17, 24, 371.811523
18, 24, 371.811462
19, 24, 371.811523
20, 24, 371.811523
21, 24, 371.811523
22, 24, 371.811553
23, 24, 371.811523
24, 24, 371.811523
25, 24, 371.811523
26, 24, 371.811523
27, 24, 371.811462
28, 24, 371.811523
29, 24, 371.811523
30, 24, 371.811523
31, 24, 371.811523
32, 24, 371.811523
33, 24, 371.811523
34, 24, 371.811401
35, 24, 371.811401
36, 24, 371.811401
37, 24, 371.811401
38, 24, 371.811401
39, 24, 371.811401
40, 24, 371.811401
41, 24, 371.811401
42, 24, 371.811401
43, 24, 371.811401
44, 24, 371.811401
45, 24, 371.811401
46, 24, 371.811401
47, 24, 371.811401
48, 24, 371.811401
49, 24, 371.811401
50, 24, 371.811401
51, 24, 371.811401
52, 24, 371.811401
53, 24, 371.811401
54, 24, 371.811401
55, 24, 371.811401
56, 24, 371.811401
57, 24, 371.811401
58, 24, 371.811401
59, 24, 371.811401
 0, 25, 371.811523
 1, 25, 371.811492
 2, 25, 371.811523
 3, 25, 371.811523
 4, 25, 371.811523
 5, 25, 371.811523
 6, 25, 371.811523
 7, 25, 371.811523
 8, 25, 371.811462
 9, 25, 371.811553
10, 25, 371.811523
11, 25, 371.811523
12, 25, 371.811523
13, 25, 371.811523
14, 25, 371.811401
15, 25, 371.811523
16, 25, 371.811523
17, 25, 371.811462
18, 25, 371.811523
19, 25, 371.811492
20, 25, 371.811523
21, 25, 371.811492
22, 25, 371.811523
23, 25, 371.811462
24, 25, 371.811523
25, 25, 371.811523
26, 25, 371.811523
27, 25, 371.811523
28, 25, 371.811523
29, 25, 371.811523
30, 25, 371.811523
31, 25, 371.811401
32, 25, 371.811401
33, 25, 371.811401
34, 25, 371.811401
35, 25, 371.811401
36, 25, 371.811401
37, 25, 371.811401
38, 25, 371.811401
39, 25, 371.811401
40, 25, 371.811401
41, 25, 371.811401
42, 25, 371.811401
43, 25, 371.811401
44, 25, 371.811401
45, 25, 371.811401
46, 25, 371.811401
47, 25, 371.811401
48, 25, 371.811401
49, 25, 371.811401
50, 25, 371.811401
51, 25, 371.811401
52, 25, 371.811401
53, 25, 371.811401
54, 25, 371.811401
55, 25, 371.811401
56, 25, 371.811401
57, 25, 371.811401
58, 25, 371.811401
59, 25, 371.811401
 0, 26, 371.811492
 1, 26, 371.811523
 2, 26, 371.811523
 3, 26, 371.811523
 4, 26, 371.811523
 5, 26, 371.811523
 6, 26, 371.811523
 7, 26, 371.811462
 8, 26, 371.811553
 9, 26, 371.811523
10, 26, 371.811523
11, 26, 371.811523
12, 26, 371.811523
13, 26, 371.811401
14, 26, 371.811401
15, 26, 371.811523
16, 26, 371.811492
17, 26, 371.811553
18, 26, 371.811523
19, 26, 371.811492
20, 26, 371.811523
21, 26, 371.811523
22, 26, 371.811523
23, 26, 371.811523
24, 26, 371.811523
25, 26, 371.811523
26, 26, 371.811523
27, 26, 371.811523
28, 26, 371.811401
29, 26, 371.811401
30, 26, 371.811401
31, 26, 371.811401
32, 26, 371.811401
33, 26, 371.811401
34, 26, 371.811401
35, 26, 371.811401
36, 26, 371.811401
37, 26, 371.811401
38, 26, 371.811401
39, 26, 371.811401
40, 26, 371.811401
41, 26, 371.811401
42, 26, 371.811401
43, 26, 371.811401
44, 26, 371.811401
45, 26, 371.811401
46, 26, 371.811401
47, 26, 371.811401
48, 26, 371.811401
49, 26, 371.811401
50, 26, 371.811401
51, 26, 371.811401
52, 26, 371.811401
53, 26, 371.811401
54, 26, 371.811401
55, 26, 371.811401
56, 26, 371.811401
57, 26, 371.811401
58, 26, 371.811401
59, 26, 371.811401
 0, 27, 371.811523
 1, 27, 371.811523
 2, 27, 371.811523
 3, 27, 371.811523
 4, 27, 371.811523
 5, 27, 371.811523
 6, 27, 371.811462
 7, 27, 371.811553
 8, 27, 371.811523
 9, 27, 371.811523
10, 27, 371.811523
11, 27, 371.811523
12, 27, 371.811401
13, 27, 371.811401
14, 27, 371.811401
15, 27, 371.811523
16, 27, 371.811523
17, 27, 371.811523
18, 27, 371.811523
19, 27, 371.811523
20, 27, 371.811523
21, 27, 371.811523
22, 27, 371.811523
23, 27, 371.811523
24, 27, 371.811523
25, 27, 371.811401
26, 27, 371.811401
27, 27, 371.811401
28, 27, 371.811401
29, 27, 371.811401
30, 27, 371.811401
31, 27, 371.811401
32, 27, 371.811401
33, 27, 371.811401
34, 27, 371.811401
35, 27, 371.811401
36, 27, 371.811401
37, 27, 371.811401
38, 27, 371.811401
39, 27, 371.811401
40, 27, 371.811401
41, 27, 371.811401
42, 27, 371.811401
43, 27, 371.811401
44, 27, 371.811401
45, 27, 371.811401
46, 27, 371.811401
47, 27, 371.811401
48, 27, 371.811401
49, 27, 371.811401
50, 27, 371.811401
51, 27, 371.811401
52, 27, 371.811401
53, 27, 371.811401
54, 27, 371.811401
55, 27, 371.811401
56, 27, 371.811401
57, 27, 371.811401
58, 27, 371.811401
59, 27, 371.811401
 0, 28, 371.811523
 1, 28, 371.811523
 2, 28, 371.811523
 3, 28, 371.811523
 4, 28, 371.811523
 5, 28, 371.811462
 6, 28, 371.811553
 7, 28, 371.811523
 8, 28, 371.811523
 9, 28, 371.811523
10, 28, 371.811523
11, 28, 371.811401
12, 28, 371.811401
13, 28, 371.811401
14, 28, 371.811401
15, 28, 371.811523
16, 28, 371.811523
17, 28, 371.811523
18, 28, 371.811523
19, 28, 371.811523
20, 28, 371.811523
21, 28, 371.811523
22, 28, 371.811401
23, 28, 371.811401
24, 28, 371.811401
25, 28, 371.811401
26, 28, 371.811401
27, 28, 371.811401
28, 28, 371.811401
29, 28, 371.811401
30, 28, 371.811401
31, 28, 371.811401
32, 28, 371.811401
33, 28, 371.811401
34, 28, 371.811401
35, 28, 371.811401
36, 28, 371.811401
37, 28, 371.811401
38, 28, 371.811401
39, 28, 371.811401
40, 28, 371.811401
41, 28, 371.811401
42, 28, 371.811401
43, 28, 371.811401
44, 28, 371.811401
45, 28, 371.811401
46, 28, 371.811401
47, 28, 371.811401
48, 28, 371.811401
49, 28, 371.811401
50, 28, 371.811401
51, 28, 371.811401
52, 28, 371.811401
53, 28, 371.811401
54, 28, 371.811401
55, 28, 371.811401
56, 28, 371.811401
57, 28, 371.811401
58, 28, 371.811401
59, 28, 371.811401
 0, 29, 371.811523
 1, 29, 371.811523
 2, 29, 371.811523
 3, 29, 371.811523
 4, 29, 371.811462
 5, 29, 371.811553
 6, 29, 371.811523
 7, 29, 371.811523
 8, 29, 371.811523
 9, 29, 371.811523
10, 29, 371.811401
11, 29, 371.811401
12, 29, 371.811401
13, 29, 371.811401
14, 29, 371.811401
15, 29, 371.811523
16, 29, 371.811523
17, 29, 371.811523
18, 29, 371.811523
19, 29, 371.811401
20, 29, 371.811401
21, 29, 371.811401
22, 29, 371.811401
23, 29, 371.811401
24, 29, 371.811401
25, 29, 371.811401
26, 29, 371.811401
27, 29, 371.811401
28, 29, 371.811401
29, 29, 371.811401
30, 29, 371.811401
31, 29, 371.811401
32, 29, 371.811401
33, 29, 371.811401
34, 29, 371.811401
35, 29, 371.811401
36, 29, 371.811401
37, 29, 371.811401
38, 29, 371.811401
39, 29, 371.811401
40, 29, 371.811401
41, 29, 371.811401
42, 29, 371.811401
43, 29, 371.811401
44, 29, 371.811401
45, 29, 371.811401
46, 29, 371.811401
47, 29, 371.811401
48, 29, 371.811401
49, 29, 371.811401
50, 29, 371.811401
51, 29, 371.811401
52, 29, 371.811401
53, 29, 371.811401
54, 29, 371.811401
55, 29, 371.811401
56, 29, 371.811401
57, 29, 371.811401
58, 29, 371.811401
59, 29, 371.811401
 0, 30, 371.811523
 1, 30, 371.811523
 2, 30, 371.811523
 3, 30, 371.811462
 4, 30, 371.811553
 5, 30, 371.811523
 6, 30, 371.811523
 7, 30, 371.811523
 8, 30, 371.811523
 9, 30, 371.811401
10, 30, 371.811401
11, 30, 371.811401
12, 30, 371.811401
13, 30, 371.811401
14, 30, 371.811401
15, 30, 371.811401
16, 30, 371.811401
17, 30, 371.811401
18, 30, 371.811401
19, 30, 371.811401
20, 30, 371.811401
21, 30, 371.811401
22, 30, 371.811401
23, 30, 371.811401
24, 30, 371.811401
25, 30, 371.811401
26, 30, 371.811401
27, 30, 371.811401
28, 30, 371.811401
29, 30, 371.811401
30, 30, 371.811401
31, 30, 371.811401
32, 30, 371.811401
33, 30, 371.811401
34, 30, 371.811401
35, 30, 371.811401
36, 30, 371.811401
37, 30, 371.811401
38, 30, 371.811401
39, 30, 371.811401
40, 30, 371.811401
41, 30, 371.811401
42, 30, 371.811401
43, 30, 371.811401
44, 30, 371.811401
45, 30, 371.811401
46, 30, 371.811401
47, 30, 371.811401
48, 30, 371.811401
49, 30, 371.811401
50, 30, 371.811401
51, 30, 371.811401
52, 30, 371.811401
53, 30, 371.811401
54, 30, 371.811401
55, 30, 371.811401
56, 30, 371.811401
57, 30, 371.811401
58, 30, 371.811401
59, 30, 371.811340
 0, 31, 371.811523
 1, 31, 371.811523
 2, 31, 371.811462
 3, 31, 371.811553
 4, 31, 371.811523
 5, 31, 371.811523
 6, 31, 371.811523
 7, 31, 371.811523
 8, 31, 371.811401
 9, 31, 371.811401
10, 31, 371.811401
11, 31, 371.811401
12, 31, 371.811401
13, 31, 371.811401
14, 31, 371.811401
15, 31, 371.811401
16, 31, 371.811401
17, 31, 371.811401
18, 31, 371.811401
19, 31, 371.811401
20, 31, 371.811401
21, 31, 371.811401
22, 31, 371.811401
23, 31, 371.811401
24, 31, 371.811401
25, 31, 371.811401
26, 31, 371.811401
27, 31, 371.811401
28, 31, 371.811401
29, 31, 371.811401
30, 31, 371.811401
31, 31, 371.811401
32, 31, 371.811401
33, 31, 371.811401
34, 31, 371.811401
35, 31, 371.811401
36, 31, 371.811401
37, 31, 371.811401
38, 31, 371.811401
39, 31, 371.811401
40, 31, 371.811401
41, 31, 371.811401
42, 31, 371.811401
43, 31, 371.811401
44, 31, 371.811401
45, 31, 371.811401
46, 31, 371.811401
47, 31, 371.811401
48, 31, 371.811401
49, 31, 371.811401
50, 31, 371.811401
51, 31, 371.811401
52, 31, 371.811401
53, 31, 371.811401
54, 31, 371.811401
55, 31, 371.811401
56, 31, 371.811401
57, 31, 371.811401
58, 31, 371.811401
59, 31, 371.811523
 0, 32, 371.811523
 1, 32, 371.811462
 2, 32, 371.811553
 3, 32, 371.811523
 4, 32, 371.811523
 5, 32, 371.811523
 6, 32, 371.811523
 7, 32, 371.811401
 8, 32, 371.811401
 9, 32, 371.811401
10, 32, 371.811401
11, 32, 371.811401
12, 32, 371.811401
13, 32, 371.811401
14, 32, 371.811401
15, 32, 371.811401
16, 32, 371.811401
17, 32, 371.811401
18, 32, 371.811401
19, 32, 371.811401
20, 32, 371.811401
21, 32, 371.811401
22, 32, 371.811401
23, 32, 371.811401
24, 32, 371.811401
25, 32, 371.811401
26, 32, 371.811401
27, 32, 371.811401
28, 32, 371.811401
29, 32, 371.811401
30, 32, 371.811401
31, 32, 371.811401
32, 32, 371.811401
33, 32, 371.811401
34, 32, 371.811401
35, 32, 371.811401
36, 32, 371.811401
37, 32, 371.811401
38, 32, 371.811401
39, 32, 371.811401
40, 32, 371.811401
41, 32, 371.811401
42, 32, 371.811401
43, 32, 371.811401
44, 32, 371.811401
45, 32, 371.811401
46, 32, 371.811401
47, 32, 371.811401
48, 32, 371.811401
49, 32, 371.811401
50, 32, 371.811401
51, 32, 371.811401
52, 32, 371.811401
53, 32, 371.811401
54, 32, 371.811401
55, 32, 371.811340
56, 32, 371.811523
57, 32, 371.811523
58, 32, 371.811523
59, 32, 371.811523
 0, 33, 371.811462
 1, 33, 371.811553
 2, 33, 371.811523
 3, 33, 371.811523
 4, 33, 371.811523
 5, 33, 371.811523
 6, 33, 371.811401
 7, 33, 371.811401
 8, 33, 371.811401
 9, 33, 371.811401
10, 33, 371.811401
11, 33, 371.811401
12, 33, 371.811401
13, 33, 371.811401
14, 33, 371.811401
15, 33, 371.811401
16, 33, 371.811401
17, 33, 371.811401
18, 33, 371.811401
19, 33, 371.811401
20, 33, 371.811401
21, 33, 371.811401
22, 33, 371.811401
23, 33, 371.811401
24, 33, 371.811401
25, 33, 371.811401
26, 33, 371.811401
27, 33, 371.811401
28, 33, 371.811401
29, 33, 371.811401
30, 33, 371.811401
31, 33, 371.811401
32, 33, 371.811401
33, 33, 371.811401
34, 33, 371.811401
35, 33, 371.811401
36, 33, 371.811401
37, 33, 371.811401
38, 33, 371.811401
39, 33, 371.811401
40, 33, 371.811401
41, 33, 371.811401
42, 33, 371.811401
43, 33, 371.811401
44, 33, 371.811401
45, 33, 371.811401
46, 33, 371.811401
47, 33, 371.811401
48, 33, 371.811401
49, 33, 371.811401
50, 33, 371.811401
51, 33, 371.811401
52, 33, 371.811340
53, 33, 371.811523
54, 33, 371.811523
55, 33, 371.811523
56, 33, 371.811523
57, 33, 371.811523
58, 33, 371.811523
59, 33, 371.811523
 0, 34, 371.811553
 1, 34, 371.811523
 2, 34, 371.811523
 3, 34, 371.811523
 4, 34, 371.811523
 5, 34, 371.811401
 6, 34, 371.811401
 7, 34, 371.811401
 8, 34, 371.811401
 9, 34, 371.811401
10, 34, 371.811401
11, 34, 371.811401
12, 34, 371.811401
13, 34, 371.811401
14, 34, 371.811401
15, 34, 371.811401
16, 34, 371.811401
17, 34, 371.811401
18, 34, 371.811401
19, 34, 371.811401
20, 34, 371.811401
21, 34, 371.811401
22, 34, 371.811401
23, 34, 371.811401
24, 34, 371.811401
25, 34, 371.811401
26, 34, 371.811401
27, 34, 371.811401
28, 34, 371.811401
29, 34, 371.811401
30, 34, 371.811401
31, 34, 371.811401
32, 34, 371.811401
33, 34, 371.811401
34, 34, 371.811401
35, 34, 371.811401
36, 34, 371.811401
37, 34, 371.811401
38, 34, 371.811401
39, 34, 371.811401
40, 34, 371.811401
41, 34, 371.811401
42, 34, 371.811401
43, 34, 371.811401
44, 34, 371.811401
45, 34, 371.811401
46, 34, 371.811401
47, 34, 371.811340
48, 34, 371.811401
49, 34, 371.811340
50, 34, 371.811523
51, 34, 371.811523
52, 34, 371.811523
53, 34, 371.811523
54, 34, 371.811523
55, 34, 371.811523
56, 34, 371.811523
57, 34, 371.811523
58, 34, 371.811523
59, 34, 371.811523
 0, 35, 371.811523
 1, 35, 371.811523
 2, 35, 371.811523
 3, 35, 371.811523
 4, 35, 371.811401
 5, 35, 371.811401
 6, 35, 371.811401
 7, 35, 371.811401
 8, 35, 371.811401
 9, 35, 371.811401
10, 35, 371.811401
11, 35, 371.811401
12, 35, 371.811401
13, 35, 371.811401
14, 35, 371.811401
15, 35, 371.811401
16, 35, 371.811401
17, 35, 371.811401
18, 35, 371.811401
19, 35, 371.811401
20, 35, 371.811401
21, 35, 371.811401
22, 35, 371.811401
23, 35, 371.811401
24, 35, 371.811401
25, 35, 371.811401
26, 35, 371.811401
27, 35, 371.811401
28, 35, 371.811401
29, 35, 371.811401
30, 35, 371.811401
31, 35, 371.811401
32, 35, 371.811401
33, 35, 371.811401
34, 35, 371.811401
35, 35, 371.811401
36, 35, 371.811401
37, 35, 371.811401
38, 35, 371.811401
39, 35, 371.811401
40, 35, 371.811401
41, 35, 371.811401
42, 35, 371.811401
43, 35, 371.811401
44, 35, 371.811401
45, 35, 371.811401
46, 35, 371.811401
47, 35, 371.811523
48, 35, 371.811523
49, 35, 371.811523
50, 35, 371.811523
51, 35, 371.811523
52, 35, 371.811523
53, 35, 371.811523
54, 35, 371.811523
55, 35, 371.811523
56, 35, 371.811523
57, 35, 371.811523
58, 35, 371.811523
59, 35, 371.811523
 0, 36, 371.811523
 1, 36, 371.811523
 2, 36, 371.811523
 3, 36, 371.811401
 4, 36, 371.811401
 5, 36, 371.811401
 6, 36, 371.811401
 7, 36, 371.811401
 8, 36, 371.811401
 9, 36, 371.811401
10, 36, 371.811401
11, 36, 371.811401
12, 36, 371.811401
13, 36, 371.811401
14, 36, 371.811401
15, 36, 371.811401
16, 36, 371.811401
17, 36, 371.811401
18, 36, 371.811401
19, 36, 371.811401
20, 36, 371.811401
21, 36, 371.811401
22, 36, 371.811401
23, 36, 371.811401
24, 36, 371.811401
25, 36, 371.811401
26, 36, 371.811401
27, 36, 371.811401
28, 36, 371.811401
29, 36, 371.811401
30, 36, 371.811401
31, 36, 371.811401
32, 36, 371.811401
33, 36, 371.811401
34, 36, 371.811401
35, 36, 371.811401
36, 36, 371.811401
37, 36, 371.811401
38, 36, 371.811401
39, 36, 371.811401
40, 36, 371.811401
41, 36, 371.811340
42, 36, 371.811401
43, 36, 371.811401
44, 36, 371.811523
45, 36, 371.811523
46, 36, 371.811523
47, 36, 371.811523
48, 36, 371.811523
49, 36, 371.811523
50, 36, 371.811523
51, 36, 371.811523
52, 36, 371.811523
53, 36, 371.811523
54, 36, 371.811523
55, 36, 371.811523
56, 36, 371.811523
57, 36, 371.811523
58, 36, 371.811523
59, 36, 371.811523
 0, 37, 371.811523
 1, 37, 371.811523
 2, 37, 371.811401
 3, 37, 371.811401
 4, 37, 371.811401
 5, 37, 371.811401
 6, 37, 371.811401
 7, 37, 371.811401
 8, 37, 371.811401
 9, 37, 371.811401
10, 37, 371.811401
11, 37, 371.811401
12, 37, 371.811401
13, 37, 371.811401
14, 37, 371.811401
15, 37, 371.811401
16, 37, 371.811401
17, 37, 371.811401
18, 37, 371.811401
19, 37, 371.811401
20, 37, 371.811401
21, 37, 371.811401
22, 37, 371.811401
23, 37, 371.811401
24, 37, 371.811401
25, 37, 371.811401
26, 37, 371.811401
27, 37, 371.811401
28, 37, 371.811401
29, 37, 371.811401
30, 37, 371.811401
31, 37, 371.811401
32, 37, 371.811401
33, 37, 371.811401
34, 37, 371.811401
35, 37, 371.811401
36, 37, 371.811401
37, 37, 371.811401
38, 37, 371.811401
39, 37, 371.811340
40, 37, 371.811401
41, 37, 371.811523
42, 37, 371.811523
43, 37, 371.811523
44, 37, 371.811523
45, 37, 371.811523
46, 37, 371.811523
47, 37, 371.811523
48, 37, 371.811523
49, 37, 371.811523
50, 37, 371.811523
51, 37, 371.811523
52, 37, 371.811523
53, 37, 371.811523
54, 37, 371.811523
55, 37, 371.811523
56, 37, 371.811523
57, 37, 371.811523
58, 37, 371.811523
59, 37, 371.811523
 0, 38, 371.811523
 1, 38, 371.811401
 2, 38, 371.811401
 3, 38, 371.811401
 4, 38, 371.811401
 5, 38, 371.811401
 6, 38, 371.811401
 7, 38, 371.811401
 8, 38, 371.811401
 9, 38, 371.811401
10, 38, 371.811401
11, 38, 371.811401
12, 38, 371.811401
13, 38, 371.811401
14, 38, 371.811401
15, 38, 371.811401
16, 38, 371.811401
17, 38, 371.811401
18, 38, 371.811401
19, 38, 371.811401
20, 38, 371.811401
21, 38, 371.811401
22, 38, 371.811401
23, 38, 371.811401
24, 38, 371.811401
25, 38, 371.811401
26, 38, 371.811401
27, 38, 371.811401
28, 38, 371.811401
29, 38, 371.811401
30, 38, 371.811401
31, 38, 371.811401
32, 38, 371.811401
33, 38, 371.811401
34, 38, 371.811401
35, 38, 371.811401
36, 38, 371.811401
37, 38, 371.811401
38, 38, 371.811523
39, 38, 371.811523
40, 38, 371.811523
41, 38, 371.811523
42, 38, 371.811523
43, 38, 371.811523
44, 38, 371.811523
45, 38, 371.811523
46, 38, 371.811523
47, 38, 371.811523
48, 38, 371.811523
49, 38, 371.811523
50, 38, 371.811523
51, 38, 371.811523
52, 38, 371.811523
53, 38, 371.811523
54, 38, 371.811523
55, 38, 371.811523
56, 38, 371.811523
57, 38, 371.811523
58, 38, 371.811523
59, 38, 371.811523
 0, 39, 371.811401
 1, 39, 371.811401
 2, 39, 371.811401
 3, 39, 371.811401
 4, 39, 371.811401
 5, 39, 371.811401
 6, 39, 371.811401
 7, 39, 371.811401
 8, 39, 371.811401
 9, 39, 371.811401
10, 39, 371.811401
11, 39, 371.811401
12, 39, 371.811401
13, 39, 371.811401
14, 39, 371.811401
15, 39, 371.811401
16, 39, 371.811401
17, 39, 371.811401
18, 39, 371.811401
19, 39, 371.811401
20, 39, 371.811401
21, 39, 371.811401
22, 39, 371.811401
23, 39, 371.811401
24, 39, 371.811401
25, 39, 371.811401
26, 39, 371.811401
27, 39, 371.811401
28, 39, 371.811401
29, 39, 371.811401
30, 39, 371.811401
31, 39, 371.811340
32, 39, 371.811401
33, 39, 371.811340
34, 39, 371.811340
35, 39, 371.811523
36, 39, 371.811523
37, 39, 371.811523
38, 39, 371.811523
39, 39, 371.811523
40, 39, 371.811523
41, 39, 371.811523
42, 39, 371.811523
43, 39, 371.811523
44, 39, 371.811523
45, 39, 371.811523
46, 39, 371.811523
47, 39, 371.811523
48, 39, 371.811523
49, 39, 371.811523
50, 39, 371.811523
51, 39, 371.811523
52, 39, 371.811523
53, 39, 371.811523
54, 39, 371.811523
55, 39, 371.811523
56, 39, 371.811523
57, 39, 371.811523
58, 39, 371.811523
59, 39, 371.811523
 0, 40, 371.811401
 1, 40, 371.811401
 2, 40, 371.811401
 3, 40, 371.811401
 4, 40, 371.811401
 5, 40, 371.811401
 6, 40, 371.811401
 7, 40, 371.811401
 8, 40, 371.811401
 9, 40, 371.811401
10, 40, 371.811401
11, 40, 371.811401
12, 40, 371.811401
13, 40, 371.811401
14, 40, 371.811523
15, 40, 371.811401
16, 40, 371.811401
17, 40, 371.811401
18, 40, 371.811401
19, 40, 371.811401
20, 40, 371.811401
21, 40, 371.811401
22, 40, 371.811401
23, 40, 371.811401
24, 40, 371.811401
25, 40, 371.811401
26, 40, 371.811401
27, 40, 371.811401
28, 40, 371.811401
29, 40, 371.811401
30, 40, 371.811401
31, 40, 371.811401
32, 40, 371.811523
33, 40, 371.811523
34, 40, 371.811523
35, 40, 371.811523
36, 40, 371.811523
37, 40, 371.811523
38, 40, 371.811523
39, 40, 371.811523
40, 40, 371.811523
41, 40, 371.811523
42, 40, 371.811523
43, 40, 371.811523
44, 40, 371.811523
45, 40, 371.811523
46, 40, 371.811523
47, 40, 371.811523
48, 40, 371.811523
49, 40, 371.811523
50, 40, 371.811523
51, 40, 371.811523
52, 40, 371.811523
53, 40, 371.811523
54, 40, 371.811523
55, 40, 371.811523
56, 40, 371.811523
57, 40, 371.811523
58, 40, 371.811523
59, 40, 371.811523
 0, 41, 371.811401
 1, 41, 371.811401
 2, 41, 371.811401
 3, 41, 371.811401
 4, 41, 371.811401
 5, 41, 371.811401
 6, 41, 371.811401
 7, 41, 371.811401
 8, 41, 371.811401
 9, 41, 371.811401
10, 41, 371.811401
11, 41, 371.811401
12, 41, 371.811401
13, 41, 371.811523
14, 41, 371.811523
15, 41, 371.811401
16, 41, 371.811401
17, 41, 371.811401
18, 41, 371.811401
19, 41, 371.811401
20, 41, 371.811401
21, 41, 371.811401
22, 41, 371.811401
23, 41, 371.811401
24, 41, 371.811401
25, 41, 371.811401
26, 41, 371.811340
27, 41, 371.811401
28, 41, 371.811340
29, 41, 371.811523
30, 41, 371.811523
31, 41, 371.811523
32, 41, 371.811523
33, 41, 371.811523
34, 41, 371.811523
35, 41, 371.811523
36, 41, 371.811523
37, 41, 371.811523
38, 41, 371.811523
39, 41, 371.811523
40, 41, 371.811523
41, 41, 371.811523
42, 41, 371.811523
43, 41, 371.811523
44, 41, 371.811523
45, 41, 371.811523
46, 41, 371.811523
47, 41, 371.811523
48, 41, 371.811523
49, 41, 371.811523
50, 41, 371.811523
51, 41, 371.811523
52, 41, 371.811523
53, 41, 371.811523
54, 41, 371.811523
55, 41, 371.811523
56, 41, 371.811523
57, 41, 371.811523
58, 41, 371.811523
59, 41, 371.811523
 0, 42, 371.811401
 1, 42, 371.811401
 2, 42, 371.811401
 3, 42, 371.811401
 4, 42, 371.811401
 5, 42, 371.811401
 6, 42, 371.811401
 7, 42, 371.811401
 8, 42, 371.811401
 9, 42, 371.811401
10, 42, 371.811401
11, 42, 371.811401
12, 42, 371.811523
13, 42, 371.811523
14, 42, 371.811523
15, 42, 371.811401
16, 42, 371.811401
17, 42, 371.811401
18, 42, 371.811401
19, 42, 371.811401
20, 42, 371.811401
21, 42, 371.811401
22, 42, 371.811401
23, 42, 371.811401
24, 42, 371.811340
25, 42, 371.811401
26, 42, 371.811523
27, 42, 371.811523
28, 42, 371.811523
29, 42, 371.811523
30, 42, 371.811523
31, 42, 371.811523
32, 42, 371.811523
33, 42, 371.811523
34, 42, 371.811523
35, 42, 371.811523
36, 42, 371.811523
37, 42, 371.811523
38, 42, 371.811523
39, 42, 371.811523
40, 42, 371.811523
41, 42, 371.811523
42, 42, 371.811523
43, 42, 371.811523
44, 42, 371.811523
45, 42, 371.811523
46, 42, 371.811523
47, 42, 371.811523
48, 42, 371.811523
49, 42, 371.811523
50, 42, 371.811523
51, 42, 371.811523
52, 42, 371.811523
53, 42, 371.811523
54, 42, 371.811523
55, 42, 371.811523
56, 42, 371.811523
57, 42, 371.811523
58, 42, 371.811523
59, 42, 371.811523
 0, 43, 371.811401
 1, 43, 371.811401
 2, 43, 371.811401
 3, 43, 371.811401
 4, 43, 371.811401
 5, 43, 371.811401
 6, 43, 371.811401
 7, 43, 371.811401
 8, 43, 371.811401
 9, 43, 371.811401
10, 43, 371.811401
11, 43, 371.811523
12, 43, 371.811523
13, 43, 371.811523
14, 43, 371.811523
15, 43, 371.811401
16, 43, 371.811401
17, 43, 371.811401
18, 43, 371.811401
19, 43, 371.811401
20, 43, 371.811401
21, 43, 371.811401
22, 43, 371.811401
23, 43, 371.811523
24, 43, 371.811523
25, 43, 371.811523
26, 43, 371.811523
27, 43, 371.811523
28, 43, 371.811523
29, 43, 371.811523
30, 43, 371.811523
31, 43, 371.811523
32, 43, 371.811523
33, 43, 371.811523
34, 43, 371.811523
35, 43, 371.811523
36, 43, 371.811523
37, 43, 371.811523
38, 43, 371.811523
39, 43, 371.811523
40, 43, 371.811523
41, 43, 371.811523
42, 43, 371.811523
43, 43, 371.811523
44, 43, 371.811523
45, 43, 371.811523
46, 43, 371.811523
47, 43, 371.811523
48, 43, 371.811523
49, 43, 371.811523
50, 43, 371.811523
51, 43, 371.811523
52, 43, 371.811523
53, 43, 371.811523
54, 43, 371.811523
55, 43, 371.811523
56, 43, 371.811523
57, 43, 371.811523
58, 43, 371.811523
59, 43, 371.811523
 0, 44, 371.811401
 1, 44, 371.811401
 2, 44, 371.811401
 3, 44, 371.811401
 4, 44, 371.811401
 5, 44, 371.811401
 6, 44, 371.811401
 7, 44, 371.811401
 8, 44, 371.811401
 9, 44, 371.811401
10, 44, 371.811523
11, 44, 371.811523
12, 44, 371.811523
13, 44, 371.811523
14, 44, 371.811523
15, 44, 371.811401
16, 44, 371.811401
17, 44, 371.811401
18, 44, 371.811340
19, 44, 371.811401
20, 44, 371.811523
21, 44, 371.811523
22, 44, 371.811523
23, 44, 371.811523
24, 44, 371.811523
25, 44, 371.811523
26, 44, 371.811523
27, 44, 371.811523
28, 44, 371.811523
29, 44, 371.811523
30, 44, 371.811523
31, 44, 371.811523
32, 44, 371.811523
33, 44, 371.811523
34, 44, 371.811523
35, 44, 371.811523
36, 44, 371.811523
37, 44, 371.811523
38, 44, 371.811523
39, 44, 371.811523
40, 44, 371.811523
41, 44, 371.811523
42, 44, 371.811523
43, 44, 371.811523
44, 44, 371.811523
45, 44, 371.811523
46, 44, 371.811523
47, 44, 371.811523
48, 44, 371.811523
49, 44, 371.811523
50, 44, 371.811523
51, 44, 371.811523
52, 44, 371.811523
53, 44, 371.811523
54, 44, 371.811523
55, 44, 371.811523
56, 44, 371.811523
57, 44, 371.811523
58, 44, 370.066528
59, 44, 367.895935
 0, 45, 371.811401
 1, 45, 371.811401
 2, 45, 371.811401
 3, 45, 371.811401
 4, 45, 371.811401
 5, 45, 371.811401
 6, 45, 371.811401
 7, 45, 371.811401
 8, 45, 371.811401
 9, 45, 371.811523
10, 45, 371.811523
11, 45, 371.811523
12, 45, 371.811523
13, 45, 371.811523
14, 45, 371.811523
15, 45, 371.811401
16, 45, 371.811401
17, 45, 371.811523
18, 45, 371.811523
19, 45, 371.811523
20, 45, 371.811523
21, 45, 371.811523
22, 45, 371.811523
23, 45, 371.811523
24, 45, 371.811523
25, 45, 371.811523
26, 45, 371.811523
27, 45, 371.811523
28, 45, 371.811523
29, 45, 371.811523
30, 45, 371.811523
31, 45, 371.811523
32, 45, 371.811523
33, 45, 371.811523
34, 45, 371.811523
35, 45, 371.811523
36, 45, 371.811523
37, 45, 371.811523
38, 45, 371.811523
39, 45, 371.811523
40, 45, 371.811523
41, 45, 371.811523
42, 45, 371.811523
43, 45, 371.811523
44, 45, 371.811523
45, 45, 371.811523
46, 45, 371.811523
47, 45, 371.811523
48, 45, 371.811523
49, 45, 371.811523
50, 45, 371.811523
51, 45, 371.811523
52, 45, 371.811523
53, 45, 371.811523
54, 45, 371.811523
55, 45, 370.066528
56, 45, 367.895935
57, 45, 365.391937
58, 45, 362.598266
59, 45, 359.563110
 0, 46, 371.811401
 1, 46, 371.811401
 2, 46, 371.811401
 3, 46, 371.811401
 4, 46, 371.811401
 5, 46, 371.811401
 6, 46, 371.811401
 7, 46, 371.811401
 8, 46, 371.811523
 9, 46, 371.811523
10, 46, 371.811523
11, 46, 371.811523
12, 46, 371.811523
13, 46, 371.811523
14, 46, 371.811523
15, 46, 371.811523
16, 46, 371.811523
17, 46, 371.811523
18, 46, 371.811523
19, 46, 371.811523
20, 46, 371.811523
21, 46, 371.811523
22, 46, 371.811523
23, 46, 371.811523
24, 46, 371.811523
25, 46, 371.811523
26, 46, 371.811523
27, 46, 371.811523
28, 46, 371.811523
29, 46, 371.811523
30, 46, 371.811523
31, 46, 371.811523
32, 46, 371.811523
33, 46, 371.811523
34, 46, 371.811523
35, 46, 371.811523
36, 46, 371.811523
37, 46, 371.811523
38, 46, 371.811523
39, 46, 371.811523
40, 46, 371.811523
41, 46, 371.811523
42, 46, 371.811523
43, 46, 371.811523
44, 46, 371.811523
45, 46, 371.811523
46, 46, 371.811523
47, 46, 371.811523
48, 46, 371.811523
49, 46, 371.811523
50, 46, 371.811523
51, 46, 371.811523
52, 46, 370.066528
53, 46, 367.895935
54, 46, 365.391937
55, 46, 362.598205
56, 46, 359.563110
57, 46, 356.281433
58, 46, 356.151245
59, 46, 356.151245
 0, 47, 371.811401
 1, 47, 371.811401
 2, 47, 371.811401
 3, 47, 371.811401
 4, 47, 371.811401
 5, 47, 371.811401
 6, 47, 371.811401
 7, 47, 371.811523
 8, 47, 371.811523
 9, 47, 371.811523
10, 47, 371.811523
11, 47, 371.811523
12, 47, 371.811523
13, 47, 371.811523
14, 47, 371.811523
15, 47, 371.811523
16, 47, 371.811523
17, 47, 371.811523
18, 47, 371.811523
19, 47, 371.811523
20, 47, 371.811523
21, 47, 371.811523
22, 47, 371.811523
23, 47, 371.811523
24, 47, 371.811523
25, 47, 371.811523
26, 47, 371.811523
27, 47, 371.811523
28, 47, 371.811523
29, 47, 371.811523
30, 47, 371.811523
31, 47, 371.811523
32, 47, 371.811523
33, 47, 371.811523
34, 47, 371.811523
35, 47, 371.811523
36, 47, 371.811523
37, 47, 371.811523
38, 47, 371.811523
39, 47, 371.811523
40, 47, 371.811523
41, 47, 371.811523
42, 47, 371.811523
43, 47, 371.811523
44, 47, 371.811523
45, 47, 371.811523
46, 47, 371.811523
47, 47, 371.811523
48, 47, 371.811523
49, 47, 370.066528
50, 47, 367.895935
51, 47, 365.391937
52, 47, 362.598205
53, 47, 359.563110
54, 47, 356.281433
55, 47, 356.151245
56, 47, 356.151245
57, 47, 356.151245
58, 47, 356.151245
59, 47, 356.151245
 0, 48, 371.811401
 1, 48, 371.811401
 2, 48, 371.811401
 3, 48, 371.811401
 4, 48, 371.811401
 5, 48, 371.811401
 6, 48, 371.811523
 7, 48, 371.811523
 8, 48, 371.811523
 9, 48, 371.811523
10, 48, 371.811523
11, 48, 371.811523
12, 48, 371.811523
13, 48, 371.811523
14, 48, 371.811523
15, 48, 371.811523
16, 48, 371.811523
17, 48, 371.811523
18, 48, 371.811523
19, 48, 371.811523
20, 48, 371.811523
21, 48, 371.811523
22, 48, 371.811523
23, 48, 371.811523
24, 48, 371.811523
25, 48, 371.811523
26, 48, 371.811523
27, 48, 371.811523
28, 48, 371.811523
29, 48, 371.811523
30, 48, 371.811523
31, 48, 371.811523
32, 48, 371.811523
33, 48, 371.811523
34, 48, 371.811523
35, 48, 371.811523
36, 48, 371.811523
37, 48, 371.811523
38, 48, 371.811523
39, 48, 371.811523
40, 48, 371.811523
41, 48, 371.811523
42, 48, 371.811523
43, 48, 371.811523
44, 48, 371.811523
45, 48, 371.811523
46, 48, 370.066528
47, 48, 367.895843
48, 48, 365.391937
49, 48, 362.598205
50, 48, 359.563110
51, 48, 356.281433
52, 48, 356.151245
53, 48, 356.151245
54, 48, 356.151245
55, 48, 356.151245
56, 48, 356.151245
57, 48, 356.151245
58, 48, 356.151245
59, 48, 356.151245
 0, 49, 371.811401
 1, 49, 371.811401
 2, 49, 371.811401
 3, 49, 371.811401
 4, 49, 371.811401
 5, 49, 371.811523
 6, 49, 371.811523
 7, 49, 371.811523
 8, 49, 371.811523
 9, 49, 371.811523
10, 49, 371.811523
11, 49, 371.811523
12, 49, 371.811523
13, 49, 371.811523
14, 49, 371.811523
15, 49, 371.811523
16, 49, 371.811523
17, 49, 371.811523
18, 49, 371.811523
19, 49, 371.811523
20, 49, 371.811523
21, 49, 371.811523
22, 49, 371.811523
23, 49, 371.811523
24, 49, 371.811523
25, 49, 371.811523
26, 49, 371.811523
27, 49, 371.811523
28, 49, 371.811523
29, 49, 371.811523
30, 49, 371.811523
31, 49, 371.811523
32, 49, 371.811523
33, 49, 371.811523
34, 49, 371.811523
35, 49, 371.811523
36, 49, 371.811523
37, 49, 371.811523
38, 49, 371.811523
39, 49, 371.811523
40, 49, 371.811523
41, 49, 371.811523
42, 49, 371.811523
43, 49, 370.066528
44, 49, 367.895843
45, 49, 365.391937
46, 49, 362.598205
47, 49, 359.563110
48, 49, 356.281372
49, 49, 356.151245
50, 49, 356.151245
51, 49, 356.151245
52, 49, 356.151245
53, 49, 356.151245
54, 49, 356.151245
55, 49, 356.151245
56, 49, 356.151245
57, 49, 356.151245
58, 49, 356.151245
59, 49, 356.151245
 0, 50, 371.811401
 1, 50, 371.811401
 2, 50, 371.811401
 3, 50, 371.811401
 4, 50, 371.811523
 5, 50, 371.811523
 6, 50, 371.811523
 7, 50, 371.811523
 8, 50, 371.811523
 9, 50, 371.811523
10, 50, 371.811523
11, 50, 371.811523
12, 50, 371.811523
13, 50, 371.811523
14, 50, 371.811523
15, 50, 371.811523
16, 50, 371.811523
17, 50, 371.811523
18, 50, 371.811523
19, 50, 371.811523
20, 50, 371.811523
21, 50, 371.811523
22, 50, 371.811523
23, 50, 371.811523
24, 50, 371.811523
25, 50, 371.811523
26, 50, 371.811523
27, 50, 371.811523
28, 50, 371.811523
29, 50, 371.811523
30, 50, 371.811523
31, 50, 371.811523
32, 50, 371.811523
33, 50, 371.811523
34, 50, 371.811523
35, 50, 371.811523
36, 50, 371.811523
37, 50, 371.811523
38, 50, 371.811523
39, 50, 371.811523
40, 50, 370.066406
41, 50, 367.895843
42, 50, 365.391845
43, 50, 362.598114
44, 50, 359.563079
45, 50, 356.281341
46, 50, 356.151336
47, 50, 356.151245
48, 50, 356.151245
49, 50, 356.151245
50, 50, 356.151245
51, 50, 356.151245
52, 50, 356.151245
53, 50, 356.151245
54, 50, 356.151245
55, 50, 356.151245
56, 50, 356.151245
57, 50, 356.151245
58, 50, 356.151245
59, 50, 356.151245
 0, 51, 371.811401
 1, 51, 371.811401
 2, 51, 371.811401
 3, 51, 371.811523
 4, 51, 371.811523
 5, 51, 371.811523
 6, 51, 371.811523
 7, 51, 371.811523
 8, 51, 371.811523
 9, 51, 371.811523
10, 51, 371.811523
11, 51, 371.811523
12, 51, 371.811523
13, 51, 371.811523
14, 51, 371.811523
15, 51, 371.811523
16, 51, 371.811523
17, 51, 371.811523
18, 51, 371.811523
19, 51, 371.811523
20, 51, 371.811523
21, 51, 371.811523
22, 51, 371.811523
23, 51, 371.811523
24, 51, 371.811523
25, 51, 371.811523
26, 51, 371.811523
27, 51, 371.811523
28, 51, 371.811523
29, 51, 371.811523
30, 51, 371.811523
31, 51, 371.811523
32, 51, 371.811523
33, 51, 371.811523
34, 51, 371.811523
35, 51, 371.811523
36, 51, 371.811523
37, 51, 370.066406
38, 51, 367.895751
39, 51, 365.391845
40, 51, 362.598022
41, 51, 359.563079
42, 51, 356.281341
43, 51, 356.151245
44, 51, 356.151245
45, 51, 356.151336
46, 51, 356.151245
47, 51, 356.151245
48, 51, 356.151245
49, 51, 356.151245
50, 51, 356.151245
51, 51, 356.151245
52, 51, 356.151245
53, 51, 356.151245
54, 51, 356.151245
55, 51, 356.151245
56, 51, 356.151245
57, 51, 356.151245
58, 51, 356.151245
59, 51, 356.151245
 0, 52, 371.811401
 1, 52, 371.811401
 2, 52, 371.811523
 3, 52, 371.811523
 4, 52, 371.811523
 5, 52, 371.811523
 6, 52, 371.811523
 7, 52, 371.811523
 8, 52, 371.811523
 9, 52, 371.811523
10, 52, 371.811523
11, 52, 371.811523
12, 52, 371.811523
13, 52, 371.811523
14, 52, 371.716461
15, 52, 371.811523
16, 52, 371.811523
17, 52, 371.811523
18, 52, 371.811523
19, 52, 371.811523
20, 52, 371.811523
21, 52, 371.811523
22, 52, 371.811523
23, 52, 371.811523
24, 52, 371.811523
25, 52, 371.811523
26, 52, 371.811523
27, 52, 371.811523
28, 52, 371.811523
29, 52, 371.811523
30, 52, 371.811523
31, 52, 371.811523
32, 52, 371.811523
33, 52, 371.811523
34, 52, 370.066406
35, 52, 367.895751
36, 52, 365.391754
37, 52, 362.598022
38, 52, 359.563018
39, 52, 356.281341
40, 52, 356.151245
41, 52, 356.151245
42, 52, 356.151245
43, 52, 356.151245
44, 52, 356.151245
45, 52, 356.151245
46, 52, 356.151245
47, 52, 356.151245
48, 52, 356.151245
49, 52, 356.151245
50, 52, 356.151245
51, 52, 356.151245
52, 52, 356.151245
53, 52, 356.151245
54, 52, 356.151245
55, 52, 356.151245
56, 52, 356.151245
57, 52, 356.151245
58, 52, 356.151245
59, 52, 356.151245
 0, 53, 371.811401
 1, 53, 371.811523
 2, 53, 371.811523
 3, 53, 371.811523
 4, 53, 371.811523
 5, 53, 371.811523
 6, 53, 371.811523
 7, 53, 371.811523
 8, 53, 371.811523
 9, 53, 371.811523
10, 53, 371.811523
11, 53, 371.811523
12, 53, 371.811523
13, 53, 371.716461
14, 53, 365.134796
15, 53, 371.811523
16, 53, 371.811523
17, 53, 371.811523
18, 53, 371.811523
19, 53, 371.811523
20, 53, 371.811523
21, 53, 371.811523
22, 53, 371.811523
23, 53, 371.811523
24, 53, 371.811523
25, 53, 371.811523
26, 53, 371.811523
27, 53, 371.811523
28, 53, 371.811523
29, 53, 371.811523
30, 53, 371.811523
31, 53, 370.066406
32, 53, 367.895751
33, 53, 365.391754
34, 53, 362.598022
35, 53, 359.563018
36, 53, 356.281250
37, 53, 356.151245
38, 53, 356.151245
39, 53, 356.151245
40, 53, 356.151245
41, 53, 356.151245
42, 53, 356.151245
43, 53, 356.151245
44, 53, 356.151245
45, 53, 356.151245
46, 53, 356.151245
47, 53, 356.151245
48, 53, 356.151245
49, 53, 356.151245
50, 53, 356.151245
51, 53, 356.151245
52, 53, 356.151245
53, 53, 356.151245
54, 53, 356.151245
55, 53, 356.151245
56, 53, 356.151245
57, 53, 356.151245
58, 53, 356.151245
59, 53, 356.151245
 0, 54, 371.811523
 1, 54, 371.811523
 2, 54, 371.811523
 3, 54, 371.811523
 4, 54, 371.811523
 5, 54, 371.811523
 6, 54, 371.811523
 7, 54, 371.811523
 8, 54, 371.811523
 9, 54, 371.811523
10, 54, 371.811523
11, 54, 371.811523
12, 54, 371.716461
13, 54, 365.134796
14, 54, 356.151245
15, 54, 371.811523
16, 54, 371.811523
17, 54, 371.811523
18, 54, 371.811523
19, 54, 371.811523
20, 54, 371.811523
21, 54, 371.811523
22, 54, 371.811523
23, 54, 371.811523
24, 54, 371.811523
25, 54, 371.811523
26, 54, 371.811523
27, 54, 371.811523
28, 54, 370.066406
29, 54, 367.895751
30, 54, 365.391754
31, 54, 362.597900
32, 54, 359.562988
33, 54, 356.281219
34, 54, 356.151245
35, 54, 356.151245
36, 54, 356.151245
37, 54, 356.151245
38, 54, 356.151245
39, 54, 356.151245
40, 54, 356.151245
41, 54, 356.151245
42, 54, 356.151245
43, 54, 356.151245
44, 54, 356.151245
45, 54, 356.151245
46, 54, 356.151245
47, 54, 356.151245
48, 54, 356.151245
49, 54, 356.151245
50, 54, 356.151245
51, 54, 356.151245
52, 54, 356.151245
53, 54, 356.151245
54, 54, 356.151245
55, 54, 356.151245
56, 54, 356.151245
57, 54, 356.151245
58, 54, 356.151245
59, 54, 356.151245
 0, 55, 371.811523
 1, 55, 371.811523
 2, 55, 371.811523
 3, 55, 371.811523
 4, 55, 371.811523
 5, 55, 371.811523
 6, 55, 371.811523
 7, 55, 371.811523
 8, 55, 371.811523
 9, 55, 371.811523
10, 55, 371.811523
11, 55, 371.716461
12, 55, 365.134796
13, 55, 356.151245
14, 55, 356.151245
15, 55, 371.811523
16, 55, 371.811523
17, 55, 371.811523
18, 55, 371.811523
19, 55, 371.811523
20, 55, 371.811523
21, 55, 371.811523
22, 55, 371.811523
23, 55, 371.811523
24, 55, 371.811523
25, 55, 370.066314
26, 55, 367.895751
27, 55, 365.391754
28, 55, 362.597900
29, 55, 359.562927
30, 55, 356.281158
31, 55, 356.151245
32, 55, 356.151245
33, 55, 356.151245
34, 55, 356.151245
35, 55, 356.151245
36, 55, 356.151245
37, 55, 356.151245
38, 55, 356.151245
39, 55, 356.151245
40, 55, 356.151245
41, 55, 356.151245
42, 55, 356.151245
43, 55, 356.151245
44, 55, 356.151245
45, 55, 356.151245
46, 55, 356.151245
47, 55, 356.151245
48, 55, 356.151245
49, 55, 356.151245
50, 55, 356.151245
51, 55, 356.151245
52, 55, 356.151245
53, 55, 356.151245
54, 55, 356.151245
55, 55, 356.151245
56, 55, 356.151245
57, 55, 356.151245
58, 55, 356.151245
59, 55, 356.151245
 0, 56, 371.811523
 1, 56, 371.811523
 2, 56, 371.811523
 3, 56, 371.811523
 4, 56, 371.811523
 5, 56, 371.811523
 6, 56, 371.811523
 7, 56, 371.811523
 8, 56, 371.811523
 9, 56, 371.811523
10, 56, 371.716461
11, 56, 365.134796
12, 56, 356.151245
13, 56, 356.151245
14, 56, 356.151245
15, 56, 371.811523
16, 56, 371.811523
17, 56, 371.811523
18, 56, 371.811523
19, 56, 371.811523
20, 56, 371.811523
21, 56, 371.811523
22, 56, 370.066406
23, 56, 367.895568
24, 56, 365.391601
25, 56, 362.597900
26, 56, 359.562744
27, 56, 356.281158
28, 56, 356.151245
29, 56, 356.151336
30, 56, 356.151245
31, 56, 356.151245
32, 56, 356.151245
33, 56, 356.151245
34, 56, 356.151245
35, 56, 356.151245
36, 56, 356.151245
37, 56, 356.151245
38, 56, 356.151245
39, 56, 356.151245
40, 56, 356.151245
41, 56, 356.151245
42, 56, 356.151245
43, 56, 356.151245
44, 56, 356.151245
45, 56, 356.151245
46, 56, 356.151245
47, 56, 356.151245
48, 56, 356.151245
49, 56, 356.151245
50, 56, 356.151245
51, 56, 356.151245
52, 56, 356.151245
53, 56, 356.151245
54, 56, 356.151245
55, 56, 356.151245
56, 56, 356.151245
57, 56, 356.151245
58, 56, 356.151245
59, 56, 356.151245
 0, 57, 371.811523
 1, 57, 371.811523
 2, 57, 371.811523
 3, 57, 371.811523
 4, 57, 371.811523
 5, 57, 371.811523
 6, 57, 371.811523
 7, 57, 371.811523
 8, 57, 371.811523
 9, 57, 371.716461
10, 57, 365.134796
11, 57, 356.151245
12, 57, 356.151245
13, 57, 356.151245
14, 57, 356.151245
15, 57, 371.811523
16, 57, 371.811523
17, 57, 371.811523
18, 57, 371.811523
19, 57, 370.066284
20, 57, 367.895568
21, 57, 365.391601
22, 57, 362.597869
23, 57, 359.562744
24, 57, 356.281066
25, 57, 356.151245
26, 57, 356.151245
27, 57, 356.151245
28, 57, 356.151245
29, 57, 356.151245
30, 57, 356.151245
31, 57, 356.151245
32, 57, 356.151245
33, 57, 356.151245
34, 57, 356.151245
35, 57, 356.151245
36, 57, 356.151245
37, 57, 356.151245
38, 57, 356.151245
39, 57, 356.151245
40, 57, 356.151245
41, 57, 356.151245
42, 57, 356.151245
43, 57, 356.151245
44, 57, 356.151245
45, 57, 356.151245
46, 57, 356.151245
47, 57, 356.151245
48, 57, 356.151245
49, 57, 356.151245
50, 57, 356.151245
51, 57, 356.151245
52, 57, 356.151245
53, 57, 356.151245
54, 57, 356.151245
55, 57, 356.151245
56, 57, 356.151245
57, 57, 356.151245
58, 57, 356.151245
59, 57, 356.151245
 0, 58, 371.811523
 1, 58, 371.811523
 2, 58, 371.811523
 3, 58, 371.811523
 4, 58, 371.811523
 5, 58, 371.811523
 6, 58, 371.811523
 7, 58, 371.811523
 8, 58, 371.716461
 9, 58, 365.134796
10, 58, 356.151245
11, 58, 356.151245
12, 58, 356.151245
13, 58, 356.151245
14, 58, 356.151245
15, 58, 370.690063
16, 58, 369.119934
17, 58, 367.518615
18, 58, 365.391601
19, 58, 362.597869
20, 58, 359.562744
21, 58, 356.280975
22, 58, 356.151245
23, 58, 356.151245
24, 58, 356.151245
25, 58, 356.151245
26, 58, 356.151245
27, 58, 356.151245
28, 58, 356.151245
29, 58, 356.151245
30, 58, 356.151245
31, 58, 356.151245
32, 58, 356.151245
33, 58, 356.151245
34, 58, 356.151245
35, 58, 356.151245
36, 58, 356.151245
37, 58, 356.151245
38, 58, 356.151245
39, 58, 356.151245
40, 58, 356.151245
41, 58, 356.151245
42, 58, 356.151245
43, 58, 356.151245
44, 58, 356.151245
45, 58, 356.151245
46, 58, 356.151245
47, 58, 356.151245
48, 58, 356.151245
49, 58, 356.151245
50, 58, 356.151245
51, 58, 356.151245
52, 58, 356.151245
53, 58, 356.151245
54, 58, 356.151245
55, 58, 356.151245
56, 58, 356.151245
57, 58, 356.151245
58, 58, 356.151245
59, 58, 356.151245
 0, 59, 371.811523
 1, 59, 371.811523
 2, 59, 371.811523
 3, 59, 371.811523
 4, 59, 371.811523
 5, 59, 371.811523
 6, 59, 371.811523
 7, 59, 371.716461
 8, 59, 365.134796
 9, 59, 356.151245
10, 59, 356.151245
11, 59, 356.151245
12, 59, 356.151245
13, 59, 356.151245
14, 59, 356.151245
15, 59, 363.520477
16, 59, 361.246398
17, 59, 359.056335
18, 59, 356.280975
19, 59, 356.151245
20, 59, 356.151336
21, 59, 356.151245
22, 59, 356.151245
23, 59, 356.151245
24, 59, 356.151245
25, 59, 356.151245
26, 59, 356.151245
27, 59, 356.151245
28, 59, 356.151245
29, 59, 356.151245
30, 59, 356.151245
31, 59, 356.151245
32, 59, 356.151245
33, 59, 356.151245
34, 59, 356.151245
35, 59, 356.151245
36, 59, 356.151245
37, 59, 356.151245
38, 59, 356.151245
39, 59, 356.151245
40, 59, 356.151245
41, 59, 356.151245
42, 59, 356.151245
43, 59, 356.151245
44, 59, 356.151245
45, 59, 356.151245
46, 59, 356.151245
47, 59, 356.151245
48, 59, 356.151245
49, 59, 356.151245
50, 59, 356.151245
51, 59, 356.151245
52, 59, 356.151245
53, 59, 356.151245
54, 59, 356.151245
55, 59, 356.151245
56, 59, 356.151245
57, 59, 356.151245
58, 59, 356.151245
59, 59, 356.151245
Trying to kick client 2
[SB] Kicking: SimuBOT<308><BOT><>
[SB] (PC: 0x1E2) Termination
Dropped SimuBOT from server (Kicked by simulator)

[END] 6/26/2016 6:23:39 PM
